2014/03/13 16:04:32 [error] [php] include(WebUser.php): failed to open stream: No such file or directory (/var/www/yii/framework/YiiBase.php:432)
Stack trace:
#0 unknown(0): spl_autoload_call()
#1 /var/www/yii/framework/YiiBase.php(303): class_exists()
#2 /var/www/yii/framework/YiiBase.php(196): import()
#3 /var/www/yii/framework/base/CModule.php(386): createComponent()
#4 /var/www/yii/framework/base/CModule.php(103): CWebApplication->getComponent()
#5 /var/www/penta-house/protected/views/layouts/main.php(35): CWebApplication->__get()
#6 /var/www/yii/framework/web/CBaseController.php(126): require()
#7 /var/www/yii/framework/web/CBaseController.php(95): SiteController->renderInternal()
#8 /var/www/yii/framework/web/widgets/CContentDecorator.php(76): SiteController->renderFile()
#9 /var/www/yii/framework/web/widgets/CContentDecorator.php(54): CContentDecorator->decorate()
#10 /var/www/yii/framework/web/widgets/COutputProcessor.php(44): CContentDecorator->processOutput()
#11 /var/www/yii/framework/web/CBaseController.php(214): CContentDecorator->run()
#12 /var/www/yii/framework/web/CBaseController.php(308): SiteController->endWidget()
#13 /var/www/penta-house/protected/views/layouts/column1.php(6): SiteController->endContent()
#14 /var/www/yii/framework/web/CBaseController.php(126): require()
#15 /var/www/yii/framework/web/CBaseController.php(95): SiteController->renderInternal()
#16 /var/www/yii/framework/web/CController.php(784): SiteController->renderFile()
#17 /var/www/penta-house/protected/controllers/SiteController.php(32): SiteController->render()
#18 /var/www/yii/framework/web/actions/CInlineAction.php(49): SiteController->actionIndex()
#19 /var/www/yii/framework/web/CController.php(308): CInlineAction->runWithParams()
#20 /var/www/yii/framework/web/CController.php(286): SiteController->runAction()
#21 /var/www/yii/framework/web/CController.php(265): SiteController->runActionWithFilters()
#22 /var/www/yii/framework/web/CWebApplication.php(282): SiteController->run()
#23 /var/www/yii/framework/web/CWebApplication.php(141): CWebApplication->runController()
#24 /var/www/yii/framework/base/CApplication.php(184): CWebApplication->processRequest()
#25 /var/www/penta-house/index.php(13): CWebApplication->run()
REQUEST_URI=/
in /var/www/penta-house/protected/views/layouts/main.php (35)
in /var/www/penta-house/protected/views/layouts/column1.php (6)
in /var/www/penta-house/protected/controllers/SiteController.php (32)
2014/03/13 16:04:33 [error] [exception.CHttpException.404] exception 'CHttpException' with message 'Невозможно обработать запрос "css/print.css".' in /var/www/yii/framework/web/CWebApplication.php:286
Stack trace:
#0 /var/www/yii/framework/web/CWebApplication.php(141): CWebApplication->runController('css/print.css')
#1 /var/www/yii/framework/base/CApplication.php(184): CWebApplication->processRequest()
#2 /var/www/penta-house/index.php(13): CApplication->run()
#3 {main}
REQUEST_URI=/css/print.css
HTTP_REFERER=http://penta-house/
---
2014/03/13 16:04:33 [error] [exception.CHttpException.404] exception 'CHttpException' with message 'Невозможно обработать запрос "css/screen.css".' in /var/www/yii/framework/web/CWebApplication.php:286
Stack trace:
#0 /var/www/yii/framework/web/CWebApplication.php(141): CWebApplication->runController('css/screen.css')
#1 /var/www/yii/framework/base/CApplication.php(184): CWebApplication->processRequest()
#2 /var/www/penta-house/index.php(13): CApplication->run()
#3 {main}
REQUEST_URI=/css/screen.css
HTTP_REFERER=http://penta-house/
---
2014/03/13 16:04:33 [error] [exception.CHttpException.404] exception 'CHttpException' with message 'Невозможно обработать запрос "css/form.css".' in /var/www/yii/framework/web/CWebApplication.php:286
Stack trace:
#0 /var/www/yii/framework/web/CWebApplication.php(141): CWebApplication->runController('css/form.css')
#1 /var/www/yii/framework/base/CApplication.php(184): CWebApplication->processRequest()
#2 /var/www/penta-house/index.php(13): CApplication->run()
#3 {main}
REQUEST_URI=/css/form.css
HTTP_REFERER=http://penta-house/
---
2014/03/13 16:04:33 [error] [exception.CHttpException.404] exception 'CHttpException' with message 'Невозможно обработать запрос "css/bg.gif".' in /var/www/yii/framework/web/CWebApplication.php:286
Stack trace:
#0 /var/www/yii/framework/web/CWebApplication.php(141): CWebApplication->runController('css/bg.gif')
#1 /var/www/yii/framework/base/CApplication.php(184): CWebApplication->processRequest()
#2 /var/www/penta-house/index.php(13): CApplication->run()
#3 {main}
REQUEST_URI=/css/bg.gif
HTTP_REFERER=http://penta-house/css/main.css
---
2014/03/13 16:06:36 [error] [php] include(WebUser.php): failed to open stream: No such file or directory (/var/www/yii/framework/YiiBase.php:432)
Stack trace:
#0 unknown(0): spl_autoload_call()
#1 /var/www/yii/framework/YiiBase.php(303): class_exists()
#2 /var/www/yii/framework/YiiBase.php(196): import()
#3 /var/www/yii/framework/base/CModule.php(386): createComponent()
#4 /var/www/yii/framework/base/CModule.php(103): CWebApplication->getComponent()
#5 /var/www/penta-house/protected/views/layouts/main.php(22): CWebApplication->__get()
#6 /var/www/yii/framework/web/CBaseController.php(126): require()
#7 /var/www/yii/framework/web/CBaseController.php(95): SiteController->renderInternal()
#8 /var/www/yii/framework/web/widgets/CContentDecorator.php(76): SiteController->renderFile()
#9 /var/www/yii/framework/web/widgets/CContentDecorator.php(54): CContentDecorator->decorate()
#10 /var/www/yii/framework/web/widgets/COutputProcessor.php(44): CContentDecorator->processOutput()
#11 /var/www/yii/framework/web/CBaseController.php(214): CContentDecorator->run()
#12 /var/www/yii/framework/web/CBaseController.php(308): SiteController->endWidget()
#13 /var/www/penta-house/protected/views/layouts/column1.php(6): SiteController->endContent()
#14 /var/www/yii/framework/web/CBaseController.php(126): require()
#15 /var/www/yii/framework/web/CBaseController.php(95): SiteController->renderInternal()
#16 /var/www/yii/framework/web/CController.php(784): SiteController->renderFile()
#17 /var/www/penta-house/protected/controllers/SiteController.php(32): SiteController->render()
#18 /var/www/yii/framework/web/actions/CInlineAction.php(49): SiteController->actionIndex()
#19 /var/www/yii/framework/web/CController.php(308): CInlineAction->runWithParams()
#20 /var/www/yii/framework/web/CController.php(286): SiteController->runAction()
#21 /var/www/yii/framework/web/CController.php(265): SiteController->runActionWithFilters()
#22 /var/www/yii/framework/web/CWebApplication.php(282): SiteController->run()
#23 /var/www/yii/framework/web/CWebApplication.php(141): CWebApplication->runController()
#24 /var/www/yii/framework/base/CApplication.php(184): CWebApplication->processRequest()
#25 /var/www/penta-house/index.php(13): CWebApplication->run()
REQUEST_URI=/
in /var/www/penta-house/protected/views/layouts/main.php (22)
in /var/www/penta-house/protected/views/layouts/column1.php (6)
in /var/www/penta-house/protected/controllers/SiteController.php (32)
2014/03/13 16:06:36 [error] [exception.CHttpException.404] exception 'CHttpException' with message 'Невозможно обработать запрос "css/bg.gif".' in /var/www/yii/framework/web/CWebApplication.php:286
Stack trace:
#0 /var/www/yii/framework/web/CWebApplication.php(141): CWebApplication->runController('css/bg.gif')
#1 /var/www/yii/framework/base/CApplication.php(184): CWebApplication->processRequest()
#2 /var/www/penta-house/index.php(13): CApplication->run()
#3 {main}
REQUEST_URI=/css/bg.gif
HTTP_REFERER=http://penta-house/css/main.css
---
2014/03/13 16:06:57 [error] [exception.CHttpException.404] exception 'CHttpException' with message 'Невозможно обработать запрос "css/bg.gif".' in /var/www/yii/framework/web/CWebApplication.php:286
Stack trace:
#0 /var/www/yii/framework/web/CWebApplication.php(141): CWebApplication->runController('css/bg.gif')
#1 /var/www/yii/framework/base/CApplication.php(184): CWebApplication->processRequest()
#2 /var/www/penta-house/index.php(13): CApplication->run()
#3 {main}
REQUEST_URI=/css/bg.gif
HTTP_REFERER=http://penta-house/css/main.css
---
2014/03/13 16:13:53 [error] [exception.CHttpException.404] exception 'CHttpException' with message 'Системе не удалось найти запрашиваемое действие "about".' in /var/www/yii/framework/web/CController.php:483
Stack trace:
#0 /var/www/yii/framework/web/CController.php(270): CController->missingAction('about')
#1 /var/www/yii/framework/web/CWebApplication.php(282): CController->run('about')
#2 /var/www/yii/framework/web/CWebApplication.php(141): CWebApplication->runController('site/about')
#3 /var/www/yii/framework/base/CApplication.php(184): CWebApplication->processRequest()
#4 /var/www/penta-house/index.php(13): CApplication->run()
#5 {main}
REQUEST_URI=/site/about
HTTP_REFERER=http://penta-house/site/contact
---
2014/03/13 16:13:59 [error] [exception.CHttpException.404] exception 'CHttpException' with message 'Системе не удалось найти запрашиваемое действие "about".' in /var/www/yii/framework/web/CController.php:483
Stack trace:
#0 /var/www/yii/framework/web/CController.php(270): CController->missingAction('about')
#1 /var/www/yii/framework/web/CWebApplication.php(282): CController->run('about')
#2 /var/www/yii/framework/web/CWebApplication.php(141): CWebApplication->runController('site/about')
#3 /var/www/yii/framework/base/CApplication.php(184): CWebApplication->processRequest()
#4 /var/www/penta-house/index.php(13): CApplication->run()
#5 {main}
REQUEST_URI=/site/about
HTTP_REFERER=http://penta-house/site/about
---
2014/03/13 16:14:01 [error] [exception.CHttpException.404] exception 'CHttpException' with message 'Системе не удалось найти запрашиваемое действие "about".' in /var/www/yii/framework/web/CController.php:483
Stack trace:
#0 /var/www/yii/framework/web/CController.php(270): CController->missingAction('about')
#1 /var/www/yii/framework/web/CWebApplication.php(282): CController->run('about')
#2 /var/www/yii/framework/web/CWebApplication.php(141): CWebApplication->runController('site/about')
#3 /var/www/yii/framework/base/CApplication.php(184): CWebApplication->processRequest()
#4 /var/www/penta-house/index.php(13): CApplication->run()
#5 {main}
REQUEST_URI=/site/about
HTTP_REFERER=http://penta-house/site/about
---
2014/03/13 16:25:39 [error] [exception.CHttpException.404] exception 'CHttpException' with message 'Невозможно обработать запрос "js/script.js".' in /var/www/yii/framework/web/CWebApplication.php:286
Stack trace:
#0 /var/www/yii/framework/web/CWebApplication.php(141): CWebApplication->runController('js/script.js')
#1 /var/www/yii/framework/base/CApplication.php(184): CWebApplication->processRequest()
#2 /var/www/penta-house/index.php(13): CApplication->run()
#3 {main}
REQUEST_URI=/js/script.js
HTTP_REFERER=http://penta-house/
---
2014/03/13 16:25:39 [error] [exception.CHttpException.404] exception 'CHttpException' with message 'Невозможно обработать запрос "js/script.js".' in /var/www/yii/framework/web/CWebApplication.php:286
Stack trace:
#0 /var/www/yii/framework/web/CWebApplication.php(141): CWebApplication->runController('js/script.js')
#1 /var/www/yii/framework/base/CApplication.php(184): CWebApplication->processRequest()
#2 /var/www/penta-house/index.php(13): CApplication->run()
#3 {main}
REQUEST_URI=/js/script.js
HTTP_REFERER=http://penta-house/
---
2014/03/13 16:26:04 [error] [exception.CHttpException.404] exception 'CHttpException' with message 'Невозможно обработать запрос "js/script.js".' in /var/www/yii/framework/web/CWebApplication.php:286
Stack trace:
#0 /var/www/yii/framework/web/CWebApplication.php(141): CWebApplication->runController('js/script.js')
#1 /var/www/yii/framework/base/CApplication.php(184): CWebApplication->processRequest()
#2 /var/www/penta-house/index.php(13): CApplication->run()
#3 {main}
REQUEST_URI=/js/script.js
HTTP_REFERER=http://penta-house/
---
2014/03/13 16:26:04 [error] [exception.CHttpException.404] exception 'CHttpException' with message 'Невозможно обработать запрос "js/script.js".' in /var/www/yii/framework/web/CWebApplication.php:286
Stack trace:
#0 /var/www/yii/framework/web/CWebApplication.php(141): CWebApplication->runController('js/script.js')
#1 /var/www/yii/framework/base/CApplication.php(184): CWebApplication->processRequest()
#2 /var/www/penta-house/index.php(13): CApplication->run()
#3 {main}
REQUEST_URI=/js/script.js
HTTP_REFERER=http://penta-house/
---
2014/03/13 16:28:05 [error] [exception.CHttpException.404] exception 'CHttpException' with message 'Невозможно обработать запрос "js/script.js".' in /var/www/yii/framework/web/CWebApplication.php:286
Stack trace:
#0 /var/www/yii/framework/web/CWebApplication.php(141): CWebApplication->runController('js/script.js')
#1 /var/www/yii/framework/base/CApplication.php(184): CWebApplication->processRequest()
#2 /var/www/penta-house/index.php(13): CApplication->run()
#3 {main}
REQUEST_URI=/js/script.js
HTTP_REFERER=http://penta-house/
---
2014/03/13 16:28:05 [error] [exception.CHttpException.404] exception 'CHttpException' with message 'Невозможно обработать запрос "js/script.js".' in /var/www/yii/framework/web/CWebApplication.php:286
Stack trace:
#0 /var/www/yii/framework/web/CWebApplication.php(141): CWebApplication->runController('js/script.js')
#1 /var/www/yii/framework/base/CApplication.php(184): CWebApplication->processRequest()
#2 /var/www/penta-house/index.php(13): CApplication->run()
#3 {main}
REQUEST_URI=/js/script.js
HTTP_REFERER=http://penta-house/
---
2014/03/13 16:28:13 [error] [exception.CHttpException.404] exception 'CHttpException' with message 'Невозможно обработать запрос "js/script.js".' in /var/www/yii/framework/web/CWebApplication.php:286
Stack trace:
#0 /var/www/yii/framework/web/CWebApplication.php(141): CWebApplication->runController('js/script.js')
#1 /var/www/yii/framework/base/CApplication.php(184): CWebApplication->processRequest()
#2 /var/www/penta-house/index.php(13): CApplication->run()
#3 {main}
REQUEST_URI=/js/script.js
HTTP_REFERER=http://penta-house/
---
2014/03/13 16:28:13 [error] [exception.CHttpException.404] exception 'CHttpException' with message 'Невозможно обработать запрос "js/script.js".' in /var/www/yii/framework/web/CWebApplication.php:286
Stack trace:
#0 /var/www/yii/framework/web/CWebApplication.php(141): CWebApplication->runController('js/script.js')
#1 /var/www/yii/framework/base/CApplication.php(184): CWebApplication->processRequest()
#2 /var/www/penta-house/index.php(13): CApplication->run()
#3 {main}
REQUEST_URI=/js/script.js
HTTP_REFERER=http://penta-house/
---
2014/03/13 16:57:40 [error] [exception.CDbException] exception 'CDbException' with message 'CDbConnection failed to open the DB connection: SQLSTATE[HY000] Unable to connect: Adaptive Server is unavailable or does not exist (severity 9)' in /var/www/yii/framework/db/CDbConnection.php:382
Stack trace:
#0 /var/www/yii/framework/db/CDbConnection.php(330): CDbConnection->open()
#1 /var/www/yii/framework/db/CDbConnection.php(308): CDbConnection->setActive(true)
#2 /var/www/yii/framework/base/CModule.php(387): CDbConnection->init()
#3 /var/www/yii/framework/cli/commands/MigrateCommand.php(442): CModule->getComponent('db')
#4 /var/www/yii/framework/cli/commands/MigrateCommand.php(451): MigrateCommand->getDbConnection()
#5 /var/www/yii/framework/cli/commands/MigrateCommand.php(482): MigrateCommand->getMigrationHistory(-1)
#6 /var/www/yii/framework/cli/commands/MigrateCommand.php(84): MigrateCommand->getNewMigrations()
#7 [internal function]: MigrateCommand->actionUp(Array)
#8 /var/www/yii/framework/console/CConsoleCommand.php(172): ReflectionMethod->invokeArgs(Object(MigrateCommand), Array)
#9 /var/www/yii/framework/console/CConsoleCommandRunner.php(71): CConsoleCommand->run(Array)
#10 /var/www/yii/framework/console/CConsoleApplication.php(92): CConsoleCommandRunner->run(Array)
#11 /var/www/yii/framework/base/CApplication.php(184): CConsoleApplication->processRequest()
#12 /var/www/yii/framework/yiic.php(33): CApplication->run()
#13 /var/www/penta-house/protected/yiic.php(7): require_once('/var/www/yii/fr...')
#14 /var/www/penta-house/protected/yiic(4): require_once('/var/www/penta-...')
#15 {main}
---
2014/03/13 16:57:56 [error] [exception.CDbException] exception 'CDbException' with message 'CDbConnection failed to open the DB connection: SQLSTATE[HY000] Unable to connect: Adaptive Server is unavailable or does not exist (severity 9)' in /var/www/yii/framework/db/CDbConnection.php:382
Stack trace:
#0 /var/www/yii/framework/db/CDbConnection.php(330): CDbConnection->open()
#1 /var/www/yii/framework/db/CDbConnection.php(308): CDbConnection->setActive(true)
#2 /var/www/yii/framework/base/CModule.php(387): CDbConnection->init()
#3 /var/www/yii/framework/cli/commands/MigrateCommand.php(442): CModule->getComponent('db')
#4 /var/www/yii/framework/cli/commands/MigrateCommand.php(451): MigrateCommand->getDbConnection()
#5 /var/www/yii/framework/cli/commands/MigrateCommand.php(482): MigrateCommand->getMigrationHistory(-1)
#6 /var/www/yii/framework/cli/commands/MigrateCommand.php(84): MigrateCommand->getNewMigrations()
#7 [internal function]: MigrateCommand->actionUp(Array)
#8 /var/www/yii/framework/console/CConsoleCommand.php(172): ReflectionMethod->invokeArgs(Object(MigrateCommand), Array)
#9 /var/www/yii/framework/console/CConsoleCommandRunner.php(71): CConsoleCommand->run(Array)
#10 /var/www/yii/framework/console/CConsoleApplication.php(92): CConsoleCommandRunner->run(Array)
#11 /var/www/yii/framework/base/CApplication.php(184): CConsoleApplication->processRequest()
#12 /var/www/yii/framework/yiic.php(33): CApplication->run()
#13 /var/www/penta-house/protected/yiic.php(7): require_once('/var/www/yii/fr...')
#14 /var/www/penta-house/protected/yiic(4): require_once('/var/www/penta-...')
#15 {main}
---
2014/03/13 17:00:56 [error] [system.db.CDbCommand] CDbCommand::fetchAll() failed: SQLSTATE[42S02]: Base table or view not found: 1146 Table 'penta-house.tbl_migration' doesn't exist. The SQL statement executed was: SHOW FULL COLUMNS FROM `tbl_migration`.
2014/03/13 17:05:26 [error] [php] include(User.php): failed to open stream: No such file or directory (/var/www/yii/framework/YiiBase.php:432)
Stack trace:
#0 /var/www/penta-house/protected/components/UserIdentity.php(21): spl_autoload_call()
#1 /var/www/penta-house/protected/models/LoginForm.php(52): UserIdentity->authenticate()
#2 /var/www/yii/framework/validators/CInlineValidator.php(42): LoginForm->authenticate()
#3 /var/www/yii/framework/validators/CValidator.php(213): CInlineValidator->validateAttribute()
#4 /var/www/yii/framework/base/CModel.php(159): CInlineValidator->validate()
#5 /var/www/penta-house/protected/controllers/SiteController.php(100): LoginForm->validate()
#6 /var/www/yii/framework/web/actions/CInlineAction.php(49): SiteController->actionLogin()
#7 /var/www/yii/framework/web/CController.php(308): CInlineAction->runWithParams()
#8 /var/www/yii/framework/web/CController.php(286): SiteController->runAction()
#9 /var/www/yii/framework/web/CController.php(265): SiteController->runActionWithFilters()
#10 /var/www/yii/framework/web/CWebApplication.php(282): SiteController->run()
#11 /var/www/yii/framework/web/CWebApplication.php(141): CWebApplication->runController()
#12 /var/www/yii/framework/base/CApplication.php(184): CWebApplication->processRequest()
#13 /var/www/penta-house/index.php(13): CWebApplication->run()
REQUEST_URI=/site/login
in /var/www/penta-house/protected/components/UserIdentity.php (21)
in /var/www/penta-house/protected/models/LoginForm.php (52)
in /var/www/penta-house/protected/controllers/SiteController.php (100)
<<<<<<< HEAD
2014/03/14 16:18:49 [error] [exception.CException] exception 'CException' with message 'Путь CAssetManager.basePath "C:\wamp\www\penta-house\assets" задан неверно. Удостоверьтесь, что директория существует и доступна для записи пользователю, под которым запущен веб-сервер.' in C:\wamp\www\yii\framework\web\CAssetManager.php:138
Stack trace:
#0 C:\wamp\www\yii\framework\web\CAssetManager.php(123): CAssetManager->setBasePath('C:\wamp\www\pen...')
#1 C:\wamp\www\yii\framework\web\CAssetManager.php(217): CAssetManager->getBasePath()
#2 C:\wamp\www\yii\framework\web\CClientScript.php(511): CAssetManager->publish('C:\wamp\www\yii...')
#3 C:\wamp\www\yii\framework\web\CClientScript.php(548): CClientScript->getCoreScriptUrl()
#4 C:\wamp\www\yii\framework\web\CClientScript.php(349): CClientScript->getPackageBaseUrl('jquery')
#5 C:\wamp\www\yii\framework\web\CClientScript.php(208): CClientScript->renderCoreScripts()
#6 C:\wamp\www\yii\framework\web\CController.php(351): CClientScript->render('<!DOCTYPE html>...')
#7 C:\wamp\www\yii\framework\web\CController.php(788): CController->processOutput('<!DOCTYPE html>...')
#8 C:\wamp\www\penta-house\protected\controllers\SiteController.php(43): CController->render('index')
#9 C:\wamp\www\yii\framework\web\actions\CInlineAction.php(49): SiteController->actionIndex()
#10 C:\wamp\www\yii\framework\web\CController.php(308): CInlineAction->runWithParams(Array)
#11 C:\wamp\www\yii\framework\web\CController.php(286): CController->runAction(Object(CInlineAction))
#12 C:\wamp\www\yii\framework\web\CController.php(265): CController->runActionWithFilters(Object(CInlineAction), Array)
#13 C:\wamp\www\yii\framework\web\CWebApplication.php(282): CController->run('')
#14 C:\wamp\www\yii\framework\web\CWebApplication.php(141): CWebApplication->runController('')
#15 C:\wamp\www\yii\framework\base\CApplication.php(184): CWebApplication->processRequest()
#16 C:\wamp\www\penta-house\index.php(12): CApplication->run()
#17 {main}
REQUEST_URI=/
---
2014/03/14 16:18:49 [error] [exception.CHttpException.404] exception 'CHttpException' with message 'Невозможно обработать запрос "favicon.ico".' in C:\wamp\www\yii\framework\web\CWebApplication.php:286
Stack trace:
#0 C:\wamp\www\yii\framework\web\CWebApplication.php(141): CWebApplication->runController('favicon.ico')
#1 C:\wamp\www\yii\framework\base\CApplication.php(184): CWebApplication->processRequest()
#2 C:\wamp\www\penta-house\index.php(12): CApplication->run()
#3 {main}
REQUEST_URI=/favicon.ico
---
2014/03/14 16:21:04 [error] [exception.CHttpException.404] exception 'CHttpException' with message 'Невозможно обработать запрос "favicon.ico".' in C:\wamp\www\yii\framework\web\CWebApplication.php:286
Stack trace:
#0 C:\wamp\www\yii\framework\web\CWebApplication.php(141): CWebApplication->runController('favicon.ico')
#1 C:\wamp\www\yii\framework\base\CApplication.php(184): CWebApplication->processRequest()
#2 C:\wamp\www\penta-house\index.php(12): CApplication->run()
#3 {main}
REQUEST_URI=/favicon.ico
---
2014/03/14 16:21:07 [error] [exception.CHttpException.404] exception 'CHttpException' with message 'Невозможно обработать запрос "favicon.ico".' in C:\wamp\www\yii\framework\web\CWebApplication.php:286
Stack trace:
#0 C:\wamp\www\yii\framework\web\CWebApplication.php(141): CWebApplication->runController('favicon.ico')
#1 C:\wamp\www\yii\framework\base\CApplication.php(184): CWebApplication->processRequest()
#2 C:\wamp\www\penta-house\index.php(12): CApplication->run()
#3 {main}
REQUEST_URI=/favicon.ico
---
2014/03/14 16:27:36 [error] [exception.CDbException] exception 'CDbException' with message 'CDbConnection failed to open the DB connection: SQLSTATE[HY000] [1045] Access denied for user 'root'@'localhost' (using password: YES)' in C:\wamp\www\yii\framework\db\CDbConnection.php:382
Stack trace:
#0 C:\wamp\www\yii\framework\db\CDbConnection.php(330): CDbConnection->open()
#1 C:\wamp\www\yii\framework\db\CDbConnection.php(308): CDbConnection->setActive(true)
#2 C:\wamp\www\yii\framework\base\CModule.php(387): CDbConnection->init()
#3 C:\wamp\www\yii\framework\cli\commands\MigrateCommand.php(442): CModule->getComponent('db')
#4 C:\wamp\www\yii\framework\cli\commands\MigrateCommand.php(451): MigrateCommand->getDbConnection()
#5 C:\wamp\www\yii\framework\cli\commands\MigrateCommand.php(482): MigrateCommand->getMigrationHistory(-1)
#6 C:\wamp\www\yii\framework\cli\commands\MigrateCommand.php(84): MigrateCommand->getNewMigrations()
#7 [internal function]: MigrateCommand->actionUp(Array)
#8 C:\wamp\www\yii\framework\console\CConsoleCommand.php(172): ReflectionMethod->invokeArgs(Object(MigrateCommand), Array)
#9 C:\wamp\www\yii\framework\console\CConsoleCommandRunner.php(71): CConsoleCommand->run(Array)
#10 C:\wamp\www\yii\framework\console\CConsoleApplication.php(92): CConsoleCommandRunner->run(Array)
#11 C:\wamp\www\yii\framework\base\CApplication.php(184): CConsoleApplication->processRequest()
#12 C:\wamp\www\yii\framework\yiic.php(33): CApplication->run()
#13 C:\wamp\www\penta-house\protected\yiic.php(7): require_once('C:\wamp\www\yii...')
#14 C:\wamp\www\penta-house\protected\yiic(4): require_once('C:\wamp\www\pen...')
#15 {main}
---
2014/03/14 16:28:02 [error] [system.db.CDbCommand] CDbCommand::fetchAll() failed: SQLSTATE[42S02]: Base table or view not found: 1146 Table 'penta-house.tbl_migration' doesn't exist. The SQL statement executed was: SHOW FULL COLUMNS FROM `tbl_migration`.
2014/03/14 16:28:34 [error] [exception.CHttpException.404] exception 'CHttpException' with message 'Невозможно обработать запрос "favicon.ico".' in C:\wamp\www\yii\framework\web\CWebApplication.php:286
Stack trace:
#0 C:\wamp\www\yii\framework\web\CWebApplication.php(141): CWebApplication->runController('favicon.ico')
#1 C:\wamp\www\yii\framework\base\CApplication.php(184): CWebApplication->processRequest()
#2 C:\wamp\www\penta-house\index.php(12): CApplication->run()
#3 {main}
REQUEST_URI=/favicon.ico
---
2014/03/14 16:30:28 [error] [exception.CHttpException.404] exception 'CHttpException' with message 'Невозможно обработать запрос "favicon.ico".' in C:\wamp\www\yii\framework\web\CWebApplication.php:286
Stack trace:
#0 C:\wamp\www\yii\framework\web\CWebApplication.php(141): CWebApplication->runController('favicon.ico')
#1 C:\wamp\www\yii\framework\base\CApplication.php(184): CWebApplication->processRequest()
#2 C:\wamp\www\penta-house\index.php(12): CApplication->run()
#3 {main}
REQUEST_URI=/favicon.ico
---
2014/03/15 05:27:04 [error] [exception.CHttpException.404] exception 'CHttpException' with message 'Невозможно обработать запрос "favicon.ico".' in C:\wamp\www\yii\framework\web\CWebApplication.php:286
Stack trace:
#0 C:\wamp\www\yii\framework\web\CWebApplication.php(141): CWebApplication->runController('favicon.ico')
#1 C:\wamp\www\yii\framework\base\CApplication.php(184): CWebApplication->processRequest()
#2 C:\wamp\www\penta-house\index.php(12): CApplication->run()
#3 {main}
REQUEST_URI=/favicon.ico
---
2014/03/15 05:27:29 [error] [exception.CHttpException.404] exception 'CHttpException' with message 'Невозможно обработать запрос "favicon.ico".' in C:\wamp\www\yii\framework\web\CWebApplication.php:286
Stack trace:
#0 C:\wamp\www\yii\framework\web\CWebApplication.php(141): CWebApplication->runController('favicon.ico')
#1 C:\wamp\www\yii\framework\base\CApplication.php(184): CWebApplication->processRequest()
#2 C:\wamp\www\penta-house\index.php(12): CApplication->run()
#3 {main}
REQUEST_URI=/favicon.ico
---
2014/03/15 05:35:11 [error] [exception.CHttpException.404] exception 'CHttpException' with message 'Невозможно обработать запрос "favicon.ico".' in C:\wamp\www\yii\framework\web\CWebApplication.php:286
Stack trace:
#0 C:\wamp\www\yii\framework\web\CWebApplication.php(141): CWebApplication->runController('favicon.ico')
#1 C:\wamp\www\yii\framework\base\CApplication.php(184): CWebApplication->processRequest()
#2 C:\wamp\www\penta-house\index.php(12): CApplication->run()
#3 {main}
REQUEST_URI=/favicon.ico
---
=======
2014/03/14 16:10:50 [error] [exception.CHttpException.404] exception 'CHttpException' with message 'Невозможно обработать запрос "favicon.ico".' in /var/www/yii/framework/web/CWebApplication.php:286
Stack trace:
#0 /var/www/yii/framework/web/CWebApplication.php(141): CWebApplication->runController('favicon.ico')
#1 /var/www/yii/framework/base/CApplication.php(184): CWebApplication->processRequest()
#2 /var/www/penta-house/index.php(12): CApplication->run()
#3 {main}
REQUEST_URI=/favicon.ico
---
2014/03/14 16:10:50 [error] [exception.CHttpException.404] exception 'CHttpException' with message 'Невозможно обработать запрос "favicon.ico".' in /var/www/yii/framework/web/CWebApplication.php:286
Stack trace:
#0 /var/www/yii/framework/web/CWebApplication.php(141): CWebApplication->runController('favicon.ico')
#1 /var/www/yii/framework/base/CApplication.php(184): CWebApplication->processRequest()
#2 /var/www/penta-house/index.php(12): CApplication->run()
#3 {main}
REQUEST_URI=/favicon.ico
---
2014/03/24 11:02:21 [error] [exception.CHttpException.404] exception 'CHttpException' with message 'Невозможно обработать запрос "favicon.ico".' in /var/www/yii/framework/web/CWebApplication.php:286
Stack trace:
#0 /var/www/yii/framework/web/CWebApplication.php(141): CWebApplication->runController('favicon.ico')
#1 /var/www/yii/framework/base/CApplication.php(184): CWebApplication->processRequest()
#2 /var/www/penta-house/index.php(12): CApplication->run()
#3 {main}
REQUEST_URI=/favicon.ico
---
2014/03/24 11:07:15 [error] [exception.CHttpException.404] exception 'CHttpException' with message 'Невозможно обработать запрос "favicon.ico".' in /var/www/yii/framework/web/CWebApplication.php:286
Stack trace:
#0 /var/www/yii/framework/web/CWebApplication.php(141): CWebApplication->runController('favicon.ico')
#1 /var/www/yii/framework/base/CApplication.php(184): CWebApplication->processRequest()
#2 /var/www/penta-house/index.php(12): CApplication->run()
#3 {main}
REQUEST_URI=/favicon.ico
---
2014/03/24 11:07:15 [error] [exception.CHttpException.404] exception 'CHttpException' with message 'Невозможно обработать запрос "favicon.ico".' in /var/www/yii/framework/web/CWebApplication.php:286
Stack trace:
#0 /var/www/yii/framework/web/CWebApplication.php(141): CWebApplication->runController('favicon.ico')
#1 /var/www/yii/framework/base/CApplication.php(184): CWebApplication->processRequest()
#2 /var/www/penta-house/index.php(12): CApplication->run()
#3 {main}
REQUEST_URI=/favicon.ico
---
2014/03/24 11:29:49 [error] [exception.CException] exception 'CException' with message 'Контроллер MainController не может найти представление "/layouts/_menu".' in /var/www/yii/framework/web/CController.php:878
Stack trace:
#0 /var/www/penta-house/protected/modules/admin/views/layouts/main.php(14): CController->renderPartial('/layouts/_menu')
#1 /var/www/yii/framework/web/CBaseController.php(126): require('/var/www/penta-...')
#2 /var/www/yii/framework/web/CBaseController.php(95): CBaseController->renderInternal('/var/www/penta-...', Array, true)
#3 /var/www/yii/framework/web/CController.php(784): CBaseController->renderFile('/var/www/penta-...', Array, true)
#4 /var/www/penta-house/protected/modules/admin/controllers/MainController.php(10): CController->render('index')
#5 /var/www/yii/framework/web/actions/CInlineAction.php(49): MainController->actionIndex()
#6 /var/www/yii/framework/web/CController.php(308): CInlineAction->runWithParams(Array)
#7 /var/www/yii/framework/web/CController.php(286): CController->runAction(Object(CInlineAction))
#8 /var/www/yii/framework/web/CController.php(265): CController->runActionWithFilters(Object(CInlineAction), Array)
#9 /var/www/yii/framework/web/CWebApplication.php(282): CController->run('index')
#10 /var/www/yii/framework/web/CWebApplication.php(141): CWebApplication->runController('admin/main/inde...')
#11 /var/www/yii/framework/base/CApplication.php(184): CWebApplication->processRequest()
#12 /var/www/penta-house/index.php(12): CApplication->run()
#13 {main}
REQUEST_URI=/admin/main/index
---
2014/03/24 11:35:41 [error] [exception.CHttpException.404] exception 'CHttpException' with message 'Невозможно обработать запрос "dist/bootstrap-3.1.1-dist/bootstrap.min.css".' in /var/www/yii/framework/web/CWebApplication.php:286
Stack trace:
#0 /var/www/yii/framework/web/CWebApplication.php(141): CWebApplication->runController('dist/bootstrap-...')
#1 /var/www/yii/framework/base/CApplication.php(184): CWebApplication->processRequest()
#2 /var/www/penta-house/index.php(12): CApplication->run()
#3 {main}
REQUEST_URI=/dist/bootstrap-3.1.1-dist/bootstrap.min.css
HTTP_REFERER=http://penta-house/admin/main/index
---
2014/03/24 11:35:41 [error] [exception.CHttpException.404] exception 'CHttpException' with message 'Невозможно обработать запрос "dist/bootstrap-3.1.1-dist/bootstrap.min.js".' in /var/www/yii/framework/web/CWebApplication.php:286
Stack trace:
#0 /var/www/yii/framework/web/CWebApplication.php(141): CWebApplication->runController('dist/bootstrap-...')
#1 /var/www/yii/framework/base/CApplication.php(184): CWebApplication->processRequest()
#2 /var/www/penta-house/index.php(12): CApplication->run()
#3 {main}
REQUEST_URI=/dist/bootstrap-3.1.1-dist/bootstrap.min.js
HTTP_REFERER=http://penta-house/admin/main/index
---
2014/03/24 11:35:41 [error] [exception.CHttpException.404] exception 'CHttpException' with message 'Невозможно обработать запрос "dist/bootstrap-3.1.1-dist/bootstrap.min.js".' in /var/www/yii/framework/web/CWebApplication.php:286
Stack trace:
#0 /var/www/yii/framework/web/CWebApplication.php(141): CWebApplication->runController('dist/bootstrap-...')
#1 /var/www/yii/framework/base/CApplication.php(184): CWebApplication->processRequest()
#2 /var/www/penta-house/index.php(12): CApplication->run()
#3 {main}
REQUEST_URI=/dist/bootstrap-3.1.1-dist/bootstrap.min.js
HTTP_REFERER=http://penta-house/admin/main/index
---
2014/03/24 11:35:43 [error] [exception.CHttpException.404] exception 'CHttpException' with message 'Невозможно обработать запрос "dist/bootstrap-3.1.1-dist/bootstrap.min.css".' in /var/www/yii/framework/web/CWebApplication.php:286
Stack trace:
#0 /var/www/yii/framework/web/CWebApplication.php(141): CWebApplication->runController('dist/bootstrap-...')
#1 /var/www/yii/framework/base/CApplication.php(184): CWebApplication->processRequest()
#2 /var/www/penta-house/index.php(12): CApplication->run()
#3 {main}
REQUEST_URI=/dist/bootstrap-3.1.1-dist/bootstrap.min.css
HTTP_REFERER=http://penta-house/admin/main/index
---
2014/03/24 11:35:43 [error] [exception.CHttpException.404] exception 'CHttpException' with message 'Невозможно обработать запрос "dist/bootstrap-3.1.1-dist/bootstrap.min.js".' in /var/www/yii/framework/web/CWebApplication.php:286
Stack trace:
#0 /var/www/yii/framework/web/CWebApplication.php(141): CWebApplication->runController('dist/bootstrap-...')
#1 /var/www/yii/framework/base/CApplication.php(184): CWebApplication->processRequest()
#2 /var/www/penta-house/index.php(12): CApplication->run()
#3 {main}
REQUEST_URI=/dist/bootstrap-3.1.1-dist/bootstrap.min.js
HTTP_REFERER=http://penta-house/admin/main/index
---
2014/03/24 11:45:38 [error] [exception.CHttpException.404] exception 'CHttpException' with message 'Невозможно обработать запрос "main/index".' in /var/www/yii/framework/web/CWebApplication.php:286
Stack trace:
#0 /var/www/yii/framework/web/CWebApplication.php(141): CWebApplication->runController('main/index')
#1 /var/www/yii/framework/base/CApplication.php(184): CWebApplication->processRequest()
#2 /var/www/penta-house/index.php(12): CApplication->run()
#3 {main}
REQUEST_URI=/main/index
HTTP_REFERER=http://penta-house/admin/main/index
---
2014/03/25 13:47:43 [error] [exception.CHttpException.404] exception 'CHttpException' with message 'Невозможно обработать запрос "favicon.ico".' in /var/www/yii/framework/web/CWebApplication.php:286
Stack trace:
#0 /var/www/yii/framework/web/CWebApplication.php(141): CWebApplication->runController('favicon.ico')
#1 /var/www/yii/framework/base/CApplication.php(184): CWebApplication->processRequest()
#2 /var/www/penta-house/index.php(12): CApplication->run()
#3 {main}
REQUEST_URI=/favicon.ico
---
2014/03/25 13:52:36 [error] [system.db.CDbCommand] CDbCommand::execute() failed: SQLSTATE[42000]: Syntax error or access violation: 1064 You have an error in your SQL syntax; check the manual that corresponds to your MySQL server version for the right syntax to use near 'MAX) NOT NULL
)' at line 5. The SQL statement executed was: CREATE TABLE `ph_brand` (
	`id` int(11) NOT NULL AUTO_INCREMENT PRIMARY KEY,
	`name` VARCHAR(255) NOT NULL,
	`upload_id` VARCHAR(255) NULL,
	`description` nvarchar(MAX) NOT NULL
).
2014/03/25 13:53:08 [error] [system.db.CDbCommand] CDbCommand::execute() failed: SQLSTATE[42000]: Syntax error or access violation: 1064 You have an error in your SQL syntax; check the manual that corresponds to your MySQL server version for the right syntax to use near 'MAX) NULL
)' at line 5. The SQL statement executed was: CREATE TABLE `ph_brand` (
	`id` int(11) NOT NULL AUTO_INCREMENT PRIMARY KEY,
	`name` VARCHAR(255) NOT NULL,
	`upload_id` VARCHAR(255) NULL,
	`description` nvarchar(MAX) NULL
).
2014/03/25 13:53:42 [error] [system.db.CDbCommand] CDbCommand::execute() failed: SQLSTATE[42000]: Syntax error or access violation: 1064 You have an error in your SQL syntax; check the manual that corresponds to your MySQL server version for the right syntax to use near 'max) NULL
)' at line 5. The SQL statement executed was: CREATE TABLE `ph_brand` (
	`id` int(11) NOT NULL AUTO_INCREMENT PRIMARY KEY,
	`name` VARCHAR(255) NOT NULL,
	`upload_id` VARCHAR(255) NULL,
	`description` nvarchar(max) NULL
).
2014/03/25 16:32:54 [error] [exception.CHttpException.404] exception 'CHttpException' with message 'Невозможно обработать запрос "dist/bootstrap-3.1.1-dist/js/jsrender.min.js".' in /var/www/yii/framework/web/CWebApplication.php:286
Stack trace:
#0 /var/www/yii/framework/web/CWebApplication.php(141): CWebApplication->runController('dist/bootstrap-...')
#1 /var/www/yii/framework/base/CApplication.php(184): CWebApplication->processRequest()
#2 /var/www/penta-house/index.php(12): CApplication->run()
#3 {main}
REQUEST_URI=/dist/bootstrap-3.1.1-dist/js/jsrender.min.js
HTTP_REFERER=http://penta-house/admin/main/index
---
2014/03/25 16:32:59 [error] [exception.CHttpException.404] exception 'CHttpException' with message 'Невозможно обработать запрос "dist/bootstrap-3.1.1-dist/js/jsrender.min.js".' in /var/www/yii/framework/web/CWebApplication.php:286
Stack trace:
#0 /var/www/yii/framework/web/CWebApplication.php(141): CWebApplication->runController('dist/bootstrap-...')
#1 /var/www/yii/framework/base/CApplication.php(184): CWebApplication->processRequest()
#2 /var/www/penta-house/index.php(12): CApplication->run()
#3 {main}
REQUEST_URI=/dist/bootstrap-3.1.1-dist/js/jsrender.min.js
HTTP_REFERER=http://penta-house/admin/main/index
---
2014/03/25 16:54:23 [error] [exception.CHttpException.404] exception 'CHttpException' with message 'Системе не удалось найти запрашиваемое действие "brand".' in /var/www/yii/framework/web/CController.php:483
Stack trace:
#0 /var/www/yii/framework/web/CController.php(270): CController->missingAction('brand')
#1 /var/www/yii/framework/web/CWebApplication.php(282): CController->run('brand')
#2 /var/www/yii/framework/web/CWebApplication.php(141): CWebApplication->runController('admin/main/bran...')
#3 /var/www/yii/framework/base/CApplication.php(184): CWebApplication->processRequest()
#4 /var/www/penta-house/index.php(12): CApplication->run()
#5 {main}
REQUEST_URI=/admin/main/brand
HTTP_REFERER=http://penta-house/admin/main/index
---
>>>>>>> ae6dd8cb4cfc51bb7e5be34ea213fa68234bf1c5
2014/03/27 15:37:00 [error] [exception.CHttpException.404] exception 'CHttpException' with message 'Невозможно обработать запрос "favicon.ico".' in C:\wamp\www\yii\framework\web\CWebApplication.php:286
Stack trace:
#0 C:\wamp\www\yii\framework\web\CWebApplication.php(141): CWebApplication->runController('favicon.ico')
#1 C:\wamp\www\yii\framework\base\CApplication.php(184): CWebApplication->processRequest()
#2 C:\wamp\www\penta-house\index.php(12): CApplication->run()
#3 {main}
REQUEST_URI=/favicon.ico
---
2014/03/27 15:37:00 [error] [exception.CHttpException.404] exception 'CHttpException' with message 'Невозможно обработать запрос "favicon.ico".' in C:\wamp\www\yii\framework\web\CWebApplication.php:286
Stack trace:
#0 C:\wamp\www\yii\framework\web\CWebApplication.php(141): CWebApplication->runController('favicon.ico')
#1 C:\wamp\www\yii\framework\base\CApplication.php(184): CWebApplication->processRequest()
#2 C:\wamp\www\penta-house\index.php(12): CApplication->run()
#3 {main}
REQUEST_URI=/favicon.ico
---
2014/03/27 15:37:00 [error] [exception.CHttpException.404] exception 'CHttpException' with message 'Невозможно обработать запрос "favicon.ico".' in C:\wamp\www\yii\framework\web\CWebApplication.php:286
Stack trace:
#0 C:\wamp\www\yii\framework\web\CWebApplication.php(141): CWebApplication->runController('favicon.ico')
#1 C:\wamp\www\yii\framework\base\CApplication.php(184): CWebApplication->processRequest()
#2 C:\wamp\www\penta-house\index.php(12): CApplication->run()
#3 {main}
REQUEST_URI=/favicon.ico
---
2014/03/27 15:37:01 [error] [exception.CHttpException.404] exception 'CHttpException' with message 'Невозможно обработать запрос "favicon.ico".' in C:\wamp\www\yii\framework\web\CWebApplication.php:286
Stack trace:
#0 C:\wamp\www\yii\framework\web\CWebApplication.php(141): CWebApplication->runController('favicon.ico')
#1 C:\wamp\www\yii\framework\base\CApplication.php(184): CWebApplication->processRequest()
#2 C:\wamp\www\penta-house\index.php(12): CApplication->run()
#3 {main}
REQUEST_URI=/favicon.ico
---
2014/03/27 17:41:15 [error] [system.db.CDbCommand] Не удалось выполнить CDbCommand::fetchAll(): SQLSTATE[42S02]: Base table or view not found: 1146 Table 'penta-house.ph_brand' doesn't exist. Выполнявшийся SQL-запрос: SHOW FULL COLUMNS FROM `ph_brand`.
2014/03/27 17:41:15 [error] [exception.CDbException] exception 'CDbException' with message 'Таблица "{{brand}}", упомянутая в записи active record класса "Brand", не найдена в базе данных.' in C:\wamp\www\yii\framework\db\ar\CActiveRecord.php:2383
Stack trace:
#0 C:\wamp\www\yii\framework\db\ar\CActiveRecord.php(411): CActiveRecordMetaData->__construct(Object(Brand))
#1 C:\wamp\www\yii\framework\db\ar\CActiveRecord.php(79): CActiveRecord->getMetaData()
#2 C:\wamp\www\penta-house\protected\modules\admin\controllers\MainController.php(46): CActiveRecord->__construct()
#3 C:\wamp\www\yii\framework\web\actions\CInlineAction.php(49): MainController->actionBrand()
#4 C:\wamp\www\yii\framework\web\CController.php(308): CInlineAction->runWithParams(Array)
#5 C:\wamp\www\yii\framework\web\CController.php(286): CController->runAction(Object(CInlineAction))
#6 C:\wamp\www\yii\framework\web\CController.php(265): CController->runActionWithFilters(Object(CInlineAction), Array)
#7 C:\wamp\www\yii\framework\web\CWebApplication.php(282): CController->run('brand')
#8 C:\wamp\www\yii\framework\web\CWebApplication.php(141): CWebApplication->runController('admin/main/bran...')
#9 C:\wamp\www\yii\framework\base\CApplication.php(184): CWebApplication->processRequest()
#10 C:\wamp\www\penta-house\index.php(12): CApplication->run()
#11 {main}
REQUEST_URI=/admin/main/brand
HTTP_REFERER=http://penta-house/admin/main/index
---
2014/03/27 17:54:27 [error] [php] Undefined variable: brand (C:\wamp\www\penta-house\protected\modules\admin\views\main\index.php:16)
Stack trace:
#0 C:\wamp\www\yii\framework\web\CController.php(869): MainController->renderFile()
#1 C:\wamp\www\yii\framework\web\CController.php(782): MainController->renderPartial()
#2 C:\wamp\www\penta-house\protected\modules\admin\controllers\MainController.php(31): MainController->render()
#3 C:\wamp\www\yii\framework\web\actions\CInlineAction.php(49): MainController->actionIndex()
#4 C:\wamp\www\yii\framework\web\CController.php(308): CInlineAction->runWithParams()
#5 C:\wamp\www\yii\framework\web\CController.php(286): MainController->runAction()
#6 C:\wamp\www\yii\framework\web\CController.php(265): MainController->runActionWithFilters()
#7 C:\wamp\www\yii\framework\web\CWebApplication.php(282): MainController->run()
#8 C:\wamp\www\yii\framework\web\CWebApplication.php(141): CWebApplication->runController()
#9 C:\wamp\www\yii\framework\base\CApplication.php(184): CWebApplication->processRequest()
#10 C:\wamp\www\penta-house\index.php(12): CWebApplication->run()
REQUEST_URI=/admin/main/index
2014/03/27 17:55:04 [error] [exception.CException] exception 'CException' with message 'Не определено свойство "CDataColumn.description".' in C:\wamp\www\yii\framework\base\CComponent.php:173
Stack trace:
#0 C:\wamp\www\yii\framework\YiiBase.php(220): CComponent->__set('description', '$data->descript...')
#1 C:\wamp\www\yii\framework\zii\widgets\grid\CGridView.php(388): YiiBase::createComponent(Array, Object(CGridView))
#2 C:\wamp\www\yii\framework\zii\widgets\grid\CGridView.php(359): CGridView->initColumns()
#3 C:\wamp\www\yii\framework\web\CBaseController.php(147): CGridView->init()
#4 C:\wamp\www\yii\framework\web\CBaseController.php(180): CBaseController->createWidget('zii.widgets.gri...', Array)
#5 C:\wamp\www\penta-house\protected\modules\admin\views\main\index.php(47): CBaseController->widget('zii.widgets.gri...', Array)
#6 C:\wamp\www\yii\framework\web\CBaseController.php(126): require('C:\wamp\www\pen...')
#7 C:\wamp\www\yii\framework\web\CBaseController.php(95): CBaseController->renderInternal('C:\wamp\www\pen...', Array, true)
#8 C:\wamp\www\yii\framework\web\CController.php(869): CBaseController->renderFile('C:\wamp\www\pen...', Array, true)
#9 C:\wamp\www\yii\framework\web\CController.php(782): CController->renderPartial('index', Array, true)
#10 C:\wamp\www\penta-house\protected\modules\admin\controllers\MainController.php(32): CController->render('index', Array)
#11 C:\wamp\www\yii\framework\web\actions\CInlineAction.php(49): MainController->actionIndex()
#12 C:\wamp\www\yii\framework\web\CController.php(308): CInlineAction->runWithParams(Array)
#13 C:\wamp\www\yii\framework\web\CController.php(286): CController->runAction(Object(CInlineAction))
#14 C:\wamp\www\yii\framework\web\CController.php(265): CController->runActionWithFilters(Object(CInlineAction), Array)
#15 C:\wamp\www\yii\framework\web\CWebApplication.php(282): CController->run('index')
#16 C:\wamp\www\yii\framework\web\CWebApplication.php(141): CWebApplication->runController('admin/main/inde...')
#17 C:\wamp\www\yii\framework\base\CApplication.php(184): CWebApplication->processRequest()
#18 C:\wamp\www\penta-house\index.php(12): CApplication->run()
#19 {main}
REQUEST_URI=/admin/main/index
HTTP_REFERER=http://penta-house/admin/
---
2014/03/27 17:55:35 [error] [exception.CException] exception 'CException' with message 'Не определено свойство "CDataColumn.description".' in C:\wamp\www\yii\framework\base\CComponent.php:173
Stack trace:
#0 C:\wamp\www\yii\framework\YiiBase.php(220): CComponent->__set('description', '$data->descript...')
#1 C:\wamp\www\yii\framework\zii\widgets\grid\CGridView.php(388): YiiBase::createComponent(Array, Object(CGridView))
#2 C:\wamp\www\yii\framework\zii\widgets\grid\CGridView.php(359): CGridView->initColumns()
#3 C:\wamp\www\yii\framework\web\CBaseController.php(147): CGridView->init()
#4 C:\wamp\www\yii\framework\web\CBaseController.php(180): CBaseController->createWidget('zii.widgets.gri...', Array)
#5 C:\wamp\www\penta-house\protected\modules\admin\views\main\index.php(47): CBaseController->widget('zii.widgets.gri...', Array)
#6 C:\wamp\www\yii\framework\web\CBaseController.php(126): require('C:\wamp\www\pen...')
#7 C:\wamp\www\yii\framework\web\CBaseController.php(95): CBaseController->renderInternal('C:\wamp\www\pen...', Array, true)
#8 C:\wamp\www\yii\framework\web\CController.php(869): CBaseController->renderFile('C:\wamp\www\pen...', Array, true)
#9 C:\wamp\www\yii\framework\web\CController.php(782): CController->renderPartial('index', Array, true)
#10 C:\wamp\www\penta-house\protected\modules\admin\controllers\MainController.php(32): CController->render('index', Array)
#11 C:\wamp\www\yii\framework\web\actions\CInlineAction.php(49): MainController->actionIndex()
#12 C:\wamp\www\yii\framework\web\CController.php(308): CInlineAction->runWithParams(Array)
#13 C:\wamp\www\yii\framework\web\CController.php(286): CController->runAction(Object(CInlineAction))
#14 C:\wamp\www\yii\framework\web\CController.php(265): CController->runActionWithFilters(Object(CInlineAction), Array)
#15 C:\wamp\www\yii\framework\web\CWebApplication.php(282): CController->run('index')
#16 C:\wamp\www\yii\framework\web\CWebApplication.php(141): CWebApplication->runController('admin/main/inde...')
#17 C:\wamp\www\yii\framework\base\CApplication.php(184): CWebApplication->processRequest()
#18 C:\wamp\www\penta-house\index.php(12): CApplication->run()
#19 {main}
REQUEST_URI=/admin/main/index
HTTP_REFERER=http://penta-house/admin/
---
2014/03/27 17:59:53 [error] [php] Undefined variable: datapick (C:\wamp\www\penta-house\protected\modules\admin\views\main\index.php:35)
Stack trace:
#0 C:\wamp\www\yii\framework\web\CController.php(869): MainController->renderFile()
#1 C:\wamp\www\yii\framework\web\CController.php(782): MainController->renderPartial()
#2 C:\wamp\www\penta-house\protected\modules\admin\controllers\MainController.php(32): MainController->render()
#3 C:\wamp\www\yii\framework\web\actions\CInlineAction.php(49): MainController->actionIndex()
#4 C:\wamp\www\yii\framework\web\CController.php(308): CInlineAction->runWithParams()
#5 C:\wamp\www\yii\framework\web\CController.php(286): MainController->runAction()
#6 C:\wamp\www\yii\framework\web\CController.php(265): MainController->runActionWithFilters()
#7 C:\wamp\www\yii\framework\web\CWebApplication.php(282): MainController->run()
#8 C:\wamp\www\yii\framework\web\CWebApplication.php(141): CWebApplication->runController()
#9 C:\wamp\www\yii\framework\base\CApplication.php(184): CWebApplication->processRequest()
#10 C:\wamp\www\penta-house\index.php(12): CWebApplication->run()
REQUEST_URI=/admin/main/index
2014/03/27 18:02:48 [error] [php] Array to string conversion (C:\wamp\www\penta-house\protected\models\Brand.php:106)
Stack trace:
#0 C:\wamp\www\yii\framework\zii\widgets\grid\CDataColumn.php(142): CDataColumn->evaluateExpression()
#1 C:\wamp\www\yii\framework\zii\widgets\grid\CGridColumn.php(231): CDataColumn->getDataCellContent()
#2 C:\wamp\www\yii\framework\zii\widgets\grid\CGridColumn.php(154): CDataColumn->renderDataCellContent()
#3 C:\wamp\www\yii\framework\zii\widgets\grid\CGridView.php(622): CDataColumn->renderDataCell()
#4 C:\wamp\www\yii\framework\zii\widgets\grid\CGridView.php(578): CGridView->renderTableRow()
#5 C:\wamp\www\yii\framework\zii\widgets\grid\CGridView.php(488): CGridView->renderTableBody()
#6 C:\wamp\www\yii\framework\zii\widgets\CBaseListView.php(171): CGridView->renderItems()
#7 unknown(0): CGridView->renderSection()
#8 C:\wamp\www\yii\framework\zii\widgets\CBaseListView.php(154): preg_replace_callback()
#9 C:\wamp\www\yii\framework\zii\widgets\CBaseListView.php(139): CGridView->renderContent()
#10 C:\wamp\www\yii\framework\web\CBaseController.php(181): CGridView->run()
#11 C:\wamp\www\penta-house\protected\modules\admin\views\main\index.php(53): MainController->widget()
#12 C:\wamp\www\yii\framework\web\CBaseController.php(126): require()
#13 C:\wamp\www\yii\framework\web\CBaseController.php(95): MainController->renderInternal()
#14 C:\wamp\www\yii\framework\web\CController.php(869): MainController->renderFile()
#15 C:\wamp\www\yii\framework\web\CController.php(782): MainController->renderPartial()
#16 C:\wamp\www\penta-house\protected\modules\admin\controllers\MainController.php(32): MainController->render()
#17 C:\wamp\www\yii\framework\web\actions\CInlineAction.php(49): MainController->actionIndex()
#18 C:\wamp\www\yii\framework\web\CController.php(308): CInlineAction->runWithParams()
#19 C:\wamp\www\yii\framework\web\CController.php(286): MainController->runAction()
#20 C:\wamp\www\yii\framework\web\CController.php(265): MainController->runActionWithFilters()
#21 C:\wamp\www\yii\framework\web\CWebApplication.php(282): MainController->run()
#22 C:\wamp\www\yii\framework\web\CWebApplication.php(141): CWebApplication->runController()
#23 C:\wamp\www\yii\framework\base\CApplication.php(184): CWebApplication->processRequest()
#24 C:\wamp\www\penta-house\index.php(12): CWebApplication->run()
REQUEST_URI=/admin/main/index
2014/03/27 18:03:35 [error] [php] Array to string conversion (C:\wamp\www\penta-house\protected\models\Brand.php:106)
Stack trace:
#0 C:\wamp\www\yii\framework\zii\widgets\grid\CDataColumn.php(142): CDataColumn->evaluateExpression()
#1 C:\wamp\www\yii\framework\zii\widgets\grid\CGridColumn.php(231): CDataColumn->getDataCellContent()
#2 C:\wamp\www\yii\framework\zii\widgets\grid\CGridColumn.php(154): CDataColumn->renderDataCellContent()
#3 C:\wamp\www\yii\framework\zii\widgets\grid\CGridView.php(622): CDataColumn->renderDataCell()
#4 C:\wamp\www\yii\framework\zii\widgets\grid\CGridView.php(578): CGridView->renderTableRow()
#5 C:\wamp\www\yii\framework\zii\widgets\grid\CGridView.php(488): CGridView->renderTableBody()
#6 C:\wamp\www\yii\framework\zii\widgets\CBaseListView.php(171): CGridView->renderItems()
#7 unknown(0): CGridView->renderSection()
#8 C:\wamp\www\yii\framework\zii\widgets\CBaseListView.php(154): preg_replace_callback()
#9 C:\wamp\www\yii\framework\zii\widgets\CBaseListView.php(139): CGridView->renderContent()
#10 C:\wamp\www\yii\framework\web\CBaseController.php(181): CGridView->run()
#11 C:\wamp\www\penta-house\protected\modules\admin\views\main\index.php(53): MainController->widget()
#12 C:\wamp\www\yii\framework\web\CBaseController.php(126): require()
#13 C:\wamp\www\yii\framework\web\CBaseController.php(95): MainController->renderInternal()
#14 C:\wamp\www\yii\framework\web\CController.php(869): MainController->renderFile()
#15 C:\wamp\www\yii\framework\web\CController.php(782): MainController->renderPartial()
#16 C:\wamp\www\penta-house\protected\modules\admin\controllers\MainController.php(32): MainController->render()
#17 C:\wamp\www\yii\framework\web\actions\CInlineAction.php(49): MainController->actionIndex()
#18 C:\wamp\www\yii\framework\web\CController.php(308): CInlineAction->runWithParams()
#19 C:\wamp\www\yii\framework\web\CController.php(286): MainController->runAction()
#20 C:\wamp\www\yii\framework\web\CController.php(265): MainController->runActionWithFilters()
#21 C:\wamp\www\yii\framework\web\CWebApplication.php(282): MainController->run()
#22 C:\wamp\www\yii\framework\web\CWebApplication.php(141): CWebApplication->runController()
#23 C:\wamp\www\yii\framework\base\CApplication.php(184): CWebApplication->processRequest()
#24 C:\wamp\www\penta-house\index.php(12): CWebApplication->run()
REQUEST_URI=/admin/main/index
in C:\wamp\www\penta-house\protected\models\Brand.php (106)
in C:\wamp\www\penta-house\protected\modules\admin\views\main\index.php (53)
in C:\wamp\www\penta-house\protected\modules\admin\controllers\MainController.php (32)
2014/03/27 18:03:39 [error] [php] Array to string conversion (C:\wamp\www\penta-house\protected\models\Brand.php:106)
Stack trace:
#0 C:\wamp\www\yii\framework\zii\widgets\grid\CDataColumn.php(142): CDataColumn->evaluateExpression()
#1 C:\wamp\www\yii\framework\zii\widgets\grid\CGridColumn.php(231): CDataColumn->getDataCellContent()
#2 C:\wamp\www\yii\framework\zii\widgets\grid\CGridColumn.php(154): CDataColumn->renderDataCellContent()
#3 C:\wamp\www\yii\framework\zii\widgets\grid\CGridView.php(622): CDataColumn->renderDataCell()
#4 C:\wamp\www\yii\framework\zii\widgets\grid\CGridView.php(578): CGridView->renderTableRow()
#5 C:\wamp\www\yii\framework\zii\widgets\grid\CGridView.php(488): CGridView->renderTableBody()
#6 C:\wamp\www\yii\framework\zii\widgets\CBaseListView.php(171): CGridView->renderItems()
#7 unknown(0): CGridView->renderSection()
#8 C:\wamp\www\yii\framework\zii\widgets\CBaseListView.php(154): preg_replace_callback()
#9 C:\wamp\www\yii\framework\zii\widgets\CBaseListView.php(139): CGridView->renderContent()
#10 C:\wamp\www\yii\framework\web\CBaseController.php(181): CGridView->run()
#11 C:\wamp\www\penta-house\protected\modules\admin\views\main\index.php(53): MainController->widget()
#12 C:\wamp\www\yii\framework\web\CBaseController.php(126): require()
#13 C:\wamp\www\yii\framework\web\CBaseController.php(95): MainController->renderInternal()
#14 C:\wamp\www\yii\framework\web\CController.php(869): MainController->renderFile()
#15 C:\wamp\www\yii\framework\web\CController.php(782): MainController->renderPartial()
#16 C:\wamp\www\penta-house\protected\modules\admin\controllers\MainController.php(32): MainController->render()
#17 C:\wamp\www\yii\framework\web\actions\CInlineAction.php(49): MainController->actionIndex()
#18 C:\wamp\www\yii\framework\web\CController.php(308): CInlineAction->runWithParams()
#19 C:\wamp\www\yii\framework\web\CController.php(286): MainController->runAction()
#20 C:\wamp\www\yii\framework\web\CController.php(265): MainController->runActionWithFilters()
#21 C:\wamp\www\yii\framework\web\CWebApplication.php(282): MainController->run()
#22 C:\wamp\www\yii\framework\web\CWebApplication.php(141): CWebApplication->runController()
#23 C:\wamp\www\yii\framework\base\CApplication.php(184): CWebApplication->processRequest()
#24 C:\wamp\www\penta-house\index.php(12): CWebApplication->run()
REQUEST_URI=/admin/main/index
in C:\wamp\www\penta-house\protected\models\Brand.php (106)
in C:\wamp\www\penta-house\protected\modules\admin\views\main\index.php (53)
in C:\wamp\www\penta-house\protected\modules\admin\controllers\MainController.php (32)
2014/03/27 18:03:43 [error] [php] Array to string conversion (C:\wamp\www\penta-house\protected\models\Brand.php:106)
Stack trace:
#0 C:\wamp\www\yii\framework\zii\widgets\grid\CDataColumn.php(142): CDataColumn->evaluateExpression()
#1 C:\wamp\www\yii\framework\zii\widgets\grid\CGridColumn.php(231): CDataColumn->getDataCellContent()
#2 C:\wamp\www\yii\framework\zii\widgets\grid\CGridColumn.php(154): CDataColumn->renderDataCellContent()
#3 C:\wamp\www\yii\framework\zii\widgets\grid\CGridView.php(622): CDataColumn->renderDataCell()
#4 C:\wamp\www\yii\framework\zii\widgets\grid\CGridView.php(578): CGridView->renderTableRow()
#5 C:\wamp\www\yii\framework\zii\widgets\grid\CGridView.php(488): CGridView->renderTableBody()
#6 C:\wamp\www\yii\framework\zii\widgets\CBaseListView.php(171): CGridView->renderItems()
#7 unknown(0): CGridView->renderSection()
#8 C:\wamp\www\yii\framework\zii\widgets\CBaseListView.php(154): preg_replace_callback()
#9 C:\wamp\www\yii\framework\zii\widgets\CBaseListView.php(139): CGridView->renderContent()
#10 C:\wamp\www\yii\framework\web\CBaseController.php(181): CGridView->run()
#11 C:\wamp\www\penta-house\protected\modules\admin\views\main\index.php(53): MainController->widget()
#12 C:\wamp\www\yii\framework\web\CBaseController.php(126): require()
#13 C:\wamp\www\yii\framework\web\CBaseController.php(95): MainController->renderInternal()
#14 C:\wamp\www\yii\framework\web\CController.php(869): MainController->renderFile()
#15 C:\wamp\www\yii\framework\web\CController.php(782): MainController->renderPartial()
#16 C:\wamp\www\penta-house\protected\modules\admin\controllers\MainController.php(32): MainController->render()
#17 C:\wamp\www\yii\framework\web\actions\CInlineAction.php(49): MainController->actionIndex()
#18 C:\wamp\www\yii\framework\web\CController.php(308): CInlineAction->runWithParams()
#19 C:\wamp\www\yii\framework\web\CController.php(286): MainController->runAction()
#20 C:\wamp\www\yii\framework\web\CController.php(265): MainController->runActionWithFilters()
#21 C:\wamp\www\yii\framework\web\CWebApplication.php(282): MainController->run()
#22 C:\wamp\www\yii\framework\web\CWebApplication.php(141): CWebApplication->runController()
#23 C:\wamp\www\yii\framework\base\CApplication.php(184): CWebApplication->processRequest()
#24 C:\wamp\www\penta-house\index.php(12): CWebApplication->run()
REQUEST_URI=/admin/main/index
in C:\wamp\www\penta-house\protected\models\Brand.php (106)
in C:\wamp\www\penta-house\protected\modules\admin\views\main\index.php (53)
in C:\wamp\www\penta-house\protected\modules\admin\controllers\MainController.php (32)
2014/03/27 18:04:27 [error] [exception.CHttpException.404] exception 'CHttpException' with message 'Невозможно обработать запрос "favicon.ico".' in C:\wamp\www\yii\framework\web\CWebApplication.php:286
Stack trace:
#0 C:\wamp\www\yii\framework\web\CWebApplication.php(141): CWebApplication->runController('favicon.ico')
#1 C:\wamp\www\yii\framework\base\CApplication.php(184): CWebApplication->processRequest()
#2 C:\wamp\www\penta-house\index.php(12): CApplication->run()
#3 {main}
REQUEST_URI=/favicon.ico
---
2014/03/27 18:04:27 [error] [exception.CHttpException.404] exception 'CHttpException' with message 'Невозможно обработать запрос "favicon.ico".' in C:\wamp\www\yii\framework\web\CWebApplication.php:286
Stack trace:
#0 C:\wamp\www\yii\framework\web\CWebApplication.php(141): CWebApplication->runController('favicon.ico')
#1 C:\wamp\www\yii\framework\base\CApplication.php(184): CWebApplication->processRequest()
#2 C:\wamp\www\penta-house\index.php(12): CApplication->run()
#3 {main}
REQUEST_URI=/favicon.ico
---
2014/03/27 18:04:28 [error] [php] Array to string conversion (C:\wamp\www\penta-house\protected\models\Brand.php:106)
Stack trace:
#0 C:\wamp\www\yii\framework\zii\widgets\grid\CDataColumn.php(142): CDataColumn->evaluateExpression()
#1 C:\wamp\www\yii\framework\zii\widgets\grid\CGridColumn.php(231): CDataColumn->getDataCellContent()
#2 C:\wamp\www\yii\framework\zii\widgets\grid\CGridColumn.php(154): CDataColumn->renderDataCellContent()
#3 C:\wamp\www\yii\framework\zii\widgets\grid\CGridView.php(622): CDataColumn->renderDataCell()
#4 C:\wamp\www\yii\framework\zii\widgets\grid\CGridView.php(578): CGridView->renderTableRow()
#5 C:\wamp\www\yii\framework\zii\widgets\grid\CGridView.php(488): CGridView->renderTableBody()
#6 C:\wamp\www\yii\framework\zii\widgets\CBaseListView.php(171): CGridView->renderItems()
#7 unknown(0): CGridView->renderSection()
#8 C:\wamp\www\yii\framework\zii\widgets\CBaseListView.php(154): preg_replace_callback()
#9 C:\wamp\www\yii\framework\zii\widgets\CBaseListView.php(139): CGridView->renderContent()
#10 C:\wamp\www\yii\framework\web\CBaseController.php(181): CGridView->run()
#11 C:\wamp\www\penta-house\protected\modules\admin\views\main\index.php(53): MainController->widget()
#12 C:\wamp\www\yii\framework\web\CBaseController.php(126): require()
#13 C:\wamp\www\yii\framework\web\CBaseController.php(95): MainController->renderInternal()
#14 C:\wamp\www\yii\framework\web\CController.php(869): MainController->renderFile()
#15 C:\wamp\www\yii\framework\web\CController.php(782): MainController->renderPartial()
#16 C:\wamp\www\penta-house\protected\modules\admin\controllers\MainController.php(32): MainController->render()
#17 C:\wamp\www\yii\framework\web\actions\CInlineAction.php(49): MainController->actionIndex()
#18 C:\wamp\www\yii\framework\web\CController.php(308): CInlineAction->runWithParams()
#19 C:\wamp\www\yii\framework\web\CController.php(286): MainController->runAction()
#20 C:\wamp\www\yii\framework\web\CController.php(265): MainController->runActionWithFilters()
#21 C:\wamp\www\yii\framework\web\CWebApplication.php(282): MainController->run()
#22 C:\wamp\www\yii\framework\web\CWebApplication.php(141): CWebApplication->runController()
#23 C:\wamp\www\yii\framework\base\CApplication.php(184): CWebApplication->processRequest()
#24 C:\wamp\www\penta-house\index.php(12): CWebApplication->run()
REQUEST_URI=/admin/main/index
in C:\wamp\www\penta-house\protected\models\Brand.php (106)
in C:\wamp\www\penta-house\protected\modules\admin\views\main\index.php (53)
in C:\wamp\www\penta-house\protected\modules\admin\controllers\MainController.php (32)
2014/03/27 18:04:29 [error] [php] Array to string conversion (C:\wamp\www\penta-house\protected\models\Brand.php:106)
Stack trace:
#0 C:\wamp\www\yii\framework\zii\widgets\grid\CDataColumn.php(142): CDataColumn->evaluateExpression()
#1 C:\wamp\www\yii\framework\zii\widgets\grid\CGridColumn.php(231): CDataColumn->getDataCellContent()
#2 C:\wamp\www\yii\framework\zii\widgets\grid\CGridColumn.php(154): CDataColumn->renderDataCellContent()
#3 C:\wamp\www\yii\framework\zii\widgets\grid\CGridView.php(622): CDataColumn->renderDataCell()
#4 C:\wamp\www\yii\framework\zii\widgets\grid\CGridView.php(578): CGridView->renderTableRow()
#5 C:\wamp\www\yii\framework\zii\widgets\grid\CGridView.php(488): CGridView->renderTableBody()
#6 C:\wamp\www\yii\framework\zii\widgets\CBaseListView.php(171): CGridView->renderItems()
#7 unknown(0): CGridView->renderSection()
#8 C:\wamp\www\yii\framework\zii\widgets\CBaseListView.php(154): preg_replace_callback()
#9 C:\wamp\www\yii\framework\zii\widgets\CBaseListView.php(139): CGridView->renderContent()
#10 C:\wamp\www\yii\framework\web\CBaseController.php(181): CGridView->run()
#11 C:\wamp\www\penta-house\protected\modules\admin\views\main\index.php(53): MainController->widget()
#12 C:\wamp\www\yii\framework\web\CBaseController.php(126): require()
#13 C:\wamp\www\yii\framework\web\CBaseController.php(95): MainController->renderInternal()
#14 C:\wamp\www\yii\framework\web\CController.php(869): MainController->renderFile()
#15 C:\wamp\www\yii\framework\web\CController.php(782): MainController->renderPartial()
#16 C:\wamp\www\penta-house\protected\modules\admin\controllers\MainController.php(32): MainController->render()
#17 C:\wamp\www\yii\framework\web\actions\CInlineAction.php(49): MainController->actionIndex()
#18 C:\wamp\www\yii\framework\web\CController.php(308): CInlineAction->runWithParams()
#19 C:\wamp\www\yii\framework\web\CController.php(286): MainController->runAction()
#20 C:\wamp\www\yii\framework\web\CController.php(265): MainController->runActionWithFilters()
#21 C:\wamp\www\yii\framework\web\CWebApplication.php(282): MainController->run()
#22 C:\wamp\www\yii\framework\web\CWebApplication.php(141): CWebApplication->runController()
#23 C:\wamp\www\yii\framework\base\CApplication.php(184): CWebApplication->processRequest()
#24 C:\wamp\www\penta-house\index.php(12): CWebApplication->run()
REQUEST_URI=/admin/main/index
in C:\wamp\www\penta-house\protected\models\Brand.php (106)
in C:\wamp\www\penta-house\protected\modules\admin\views\main\index.php (53)
in C:\wamp\www\penta-house\protected\modules\admin\controllers\MainController.php (32)
2014/03/27 18:04:30 [error] [php] Array to string conversion (C:\wamp\www\penta-house\protected\models\Brand.php:106)
Stack trace:
#0 C:\wamp\www\yii\framework\zii\widgets\grid\CDataColumn.php(142): CDataColumn->evaluateExpression()
#1 C:\wamp\www\yii\framework\zii\widgets\grid\CGridColumn.php(231): CDataColumn->getDataCellContent()
#2 C:\wamp\www\yii\framework\zii\widgets\grid\CGridColumn.php(154): CDataColumn->renderDataCellContent()
#3 C:\wamp\www\yii\framework\zii\widgets\grid\CGridView.php(622): CDataColumn->renderDataCell()
#4 C:\wamp\www\yii\framework\zii\widgets\grid\CGridView.php(578): CGridView->renderTableRow()
#5 C:\wamp\www\yii\framework\zii\widgets\grid\CGridView.php(488): CGridView->renderTableBody()
#6 C:\wamp\www\yii\framework\zii\widgets\CBaseListView.php(171): CGridView->renderItems()
#7 unknown(0): CGridView->renderSection()
#8 C:\wamp\www\yii\framework\zii\widgets\CBaseListView.php(154): preg_replace_callback()
#9 C:\wamp\www\yii\framework\zii\widgets\CBaseListView.php(139): CGridView->renderContent()
#10 C:\wamp\www\yii\framework\web\CBaseController.php(181): CGridView->run()
#11 C:\wamp\www\penta-house\protected\modules\admin\views\main\index.php(53): MainController->widget()
#12 C:\wamp\www\yii\framework\web\CBaseController.php(126): require()
#13 C:\wamp\www\yii\framework\web\CBaseController.php(95): MainController->renderInternal()
#14 C:\wamp\www\yii\framework\web\CController.php(869): MainController->renderFile()
#15 C:\wamp\www\yii\framework\web\CController.php(782): MainController->renderPartial()
#16 C:\wamp\www\penta-house\protected\modules\admin\controllers\MainController.php(32): MainController->render()
#17 C:\wamp\www\yii\framework\web\actions\CInlineAction.php(49): MainController->actionIndex()
#18 C:\wamp\www\yii\framework\web\CController.php(308): CInlineAction->runWithParams()
#19 C:\wamp\www\yii\framework\web\CController.php(286): MainController->runAction()
#20 C:\wamp\www\yii\framework\web\CController.php(265): MainController->runActionWithFilters()
#21 C:\wamp\www\yii\framework\web\CWebApplication.php(282): MainController->run()
#22 C:\wamp\www\yii\framework\web\CWebApplication.php(141): CWebApplication->runController()
#23 C:\wamp\www\yii\framework\base\CApplication.php(184): CWebApplication->processRequest()
#24 C:\wamp\www\penta-house\index.php(12): CWebApplication->run()
REQUEST_URI=/admin/main/index
in C:\wamp\www\penta-house\protected\models\Brand.php (106)
in C:\wamp\www\penta-house\protected\modules\admin\views\main\index.php (53)
in C:\wamp\www\penta-house\protected\modules\admin\controllers\MainController.php (32)
2014/03/27 18:04:31 [error] [php] Array to string conversion (C:\wamp\www\penta-house\protected\models\Brand.php:106)
Stack trace:
#0 C:\wamp\www\yii\framework\zii\widgets\grid\CDataColumn.php(142): CDataColumn->evaluateExpression()
#1 C:\wamp\www\yii\framework\zii\widgets\grid\CGridColumn.php(231): CDataColumn->getDataCellContent()
#2 C:\wamp\www\yii\framework\zii\widgets\grid\CGridColumn.php(154): CDataColumn->renderDataCellContent()
#3 C:\wamp\www\yii\framework\zii\widgets\grid\CGridView.php(622): CDataColumn->renderDataCell()
#4 C:\wamp\www\yii\framework\zii\widgets\grid\CGridView.php(578): CGridView->renderTableRow()
#5 C:\wamp\www\yii\framework\zii\widgets\grid\CGridView.php(488): CGridView->renderTableBody()
#6 C:\wamp\www\yii\framework\zii\widgets\CBaseListView.php(171): CGridView->renderItems()
#7 unknown(0): CGridView->renderSection()
#8 C:\wamp\www\yii\framework\zii\widgets\CBaseListView.php(154): preg_replace_callback()
#9 C:\wamp\www\yii\framework\zii\widgets\CBaseListView.php(139): CGridView->renderContent()
#10 C:\wamp\www\yii\framework\web\CBaseController.php(181): CGridView->run()
#11 C:\wamp\www\penta-house\protected\modules\admin\views\main\index.php(53): MainController->widget()
#12 C:\wamp\www\yii\framework\web\CBaseController.php(126): require()
#13 C:\wamp\www\yii\framework\web\CBaseController.php(95): MainController->renderInternal()
#14 C:\wamp\www\yii\framework\web\CController.php(869): MainController->renderFile()
#15 C:\wamp\www\yii\framework\web\CController.php(782): MainController->renderPartial()
#16 C:\wamp\www\penta-house\protected\modules\admin\controllers\MainController.php(32): MainController->render()
#17 C:\wamp\www\yii\framework\web\actions\CInlineAction.php(49): MainController->actionIndex()
#18 C:\wamp\www\yii\framework\web\CController.php(308): CInlineAction->runWithParams()
#19 C:\wamp\www\yii\framework\web\CController.php(286): MainController->runAction()
#20 C:\wamp\www\yii\framework\web\CController.php(265): MainController->runActionWithFilters()
#21 C:\wamp\www\yii\framework\web\CWebApplication.php(282): MainController->run()
#22 C:\wamp\www\yii\framework\web\CWebApplication.php(141): CWebApplication->runController()
#23 C:\wamp\www\yii\framework\base\CApplication.php(184): CWebApplication->processRequest()
#24 C:\wamp\www\penta-house\index.php(12): CWebApplication->run()
REQUEST_URI=/admin/main/index
in C:\wamp\www\penta-house\protected\models\Brand.php (106)
in C:\wamp\www\penta-house\protected\modules\admin\views\main\index.php (53)
in C:\wamp\www\penta-house\protected\modules\admin\controllers\MainController.php (32)
2014/03/27 18:04:31 [error] [php] Array to string conversion (C:\wamp\www\penta-house\protected\models\Brand.php:106)
Stack trace:
#0 C:\wamp\www\yii\framework\zii\widgets\grid\CDataColumn.php(142): CDataColumn->evaluateExpression()
#1 C:\wamp\www\yii\framework\zii\widgets\grid\CGridColumn.php(231): CDataColumn->getDataCellContent()
#2 C:\wamp\www\yii\framework\zii\widgets\grid\CGridColumn.php(154): CDataColumn->renderDataCellContent()
#3 C:\wamp\www\yii\framework\zii\widgets\grid\CGridView.php(622): CDataColumn->renderDataCell()
#4 C:\wamp\www\yii\framework\zii\widgets\grid\CGridView.php(578): CGridView->renderTableRow()
#5 C:\wamp\www\yii\framework\zii\widgets\grid\CGridView.php(488): CGridView->renderTableBody()
#6 C:\wamp\www\yii\framework\zii\widgets\CBaseListView.php(171): CGridView->renderItems()
#7 unknown(0): CGridView->renderSection()
#8 C:\wamp\www\yii\framework\zii\widgets\CBaseListView.php(154): preg_replace_callback()
#9 C:\wamp\www\yii\framework\zii\widgets\CBaseListView.php(139): CGridView->renderContent()
#10 C:\wamp\www\yii\framework\web\CBaseController.php(181): CGridView->run()
#11 C:\wamp\www\penta-house\protected\modules\admin\views\main\index.php(53): MainController->widget()
#12 C:\wamp\www\yii\framework\web\CBaseController.php(126): require()
#13 C:\wamp\www\yii\framework\web\CBaseController.php(95): MainController->renderInternal()
#14 C:\wamp\www\yii\framework\web\CController.php(869): MainController->renderFile()
#15 C:\wamp\www\yii\framework\web\CController.php(782): MainController->renderPartial()
#16 C:\wamp\www\penta-house\protected\modules\admin\controllers\MainController.php(32): MainController->render()
#17 C:\wamp\www\yii\framework\web\actions\CInlineAction.php(49): MainController->actionIndex()
#18 C:\wamp\www\yii\framework\web\CController.php(308): CInlineAction->runWithParams()
#19 C:\wamp\www\yii\framework\web\CController.php(286): MainController->runAction()
#20 C:\wamp\www\yii\framework\web\CController.php(265): MainController->runActionWithFilters()
#21 C:\wamp\www\yii\framework\web\CWebApplication.php(282): MainController->run()
#22 C:\wamp\www\yii\framework\web\CWebApplication.php(141): CWebApplication->runController()
#23 C:\wamp\www\yii\framework\base\CApplication.php(184): CWebApplication->processRequest()
#24 C:\wamp\www\penta-house\index.php(12): CWebApplication->run()
REQUEST_URI=/admin/main/index
in C:\wamp\www\penta-house\protected\models\Brand.php (106)
in C:\wamp\www\penta-house\protected\modules\admin\views\main\index.php (53)
in C:\wamp\www\penta-house\protected\modules\admin\controllers\MainController.php (32)
2014/03/29 07:01:04 [error] [exception.CHttpException.404] exception 'CHttpException' with message 'Невозможно обработать запрос "favicon.ico".' in C:\wamp\www\yii\framework\web\CWebApplication.php:286
Stack trace:
#0 C:\wamp\www\yii\framework\web\CWebApplication.php(141): CWebApplication->runController('favicon.ico')
#1 C:\wamp\www\yii\framework\base\CApplication.php(184): CWebApplication->processRequest()
#2 C:\wamp\www\penta-house\index.php(12): CApplication->run()
#3 {main}
REQUEST_URI=/favicon.ico
---
2014/03/29 07:01:05 [error] [exception.CHttpException.404] exception 'CHttpException' with message 'Невозможно обработать запрос "favicon.ico".' in C:\wamp\www\yii\framework\web\CWebApplication.php:286
Stack trace:
#0 C:\wamp\www\yii\framework\web\CWebApplication.php(141): CWebApplication->runController('favicon.ico')
#1 C:\wamp\www\yii\framework\base\CApplication.php(184): CWebApplication->processRequest()
#2 C:\wamp\www\penta-house\index.php(12): CApplication->run()
#3 {main}
REQUEST_URI=/favicon.ico
---
2014/03/29 07:12:07 [error] [php] include(qqFileUploader.php): failed to open stream: No such file or directory (C:\wamp\www\yii\framework\YiiBase.php:432)
Stack trace:
#0 C:\wamp\www\penta-house\protected\controllers\ServerController.php(9): spl_autoload_call()
#1 C:\wamp\www\yii\framework\web\actions\CInlineAction.php(49): ServerController->actionUpload()
#2 C:\wamp\www\yii\framework\web\CController.php(308): CInlineAction->runWithParams()
#3 C:\wamp\www\yii\framework\web\CController.php(286): ServerController->runAction()
#4 C:\wamp\www\yii\framework\web\CController.php(265): ServerController->runActionWithFilters()
#5 C:\wamp\www\yii\framework\web\CWebApplication.php(282): ServerController->run()
#6 C:\wamp\www\yii\framework\web\CWebApplication.php(141): CWebApplication->runController()
#7 C:\wamp\www\yii\framework\base\CApplication.php(184): CWebApplication->processRequest()
#8 C:\wamp\www\penta-house\index.php(12): CWebApplication->run()
REQUEST_URI=/server/upload?qqfile=018.jpg
in C:\wamp\www\penta-house\protected\controllers\ServerController.php (9)
in C:\wamp\www\penta-house\index.php (12)
2014/03/29 07:16:32 [error] [php] require(valums-file-uploader/server/php.php): failed to open stream: No such file or directory (C:\wamp\www\penta-house\protected\controllers\ServerController.php:10)
Stack trace:
#0 C:\wamp\www\yii\framework\web\CController.php(308): CInlineAction->runWithParams()
#1 C:\wamp\www\yii\framework\web\CController.php(286): ServerController->runAction()
#2 C:\wamp\www\yii\framework\web\CController.php(265): ServerController->runActionWithFilters()
#3 C:\wamp\www\yii\framework\web\CWebApplication.php(282): ServerController->run()
#4 C:\wamp\www\yii\framework\web\CWebApplication.php(141): CWebApplication->runController()
#5 C:\wamp\www\yii\framework\base\CApplication.php(184): CWebApplication->processRequest()
#6 C:\wamp\www\penta-house\index.php(12): CWebApplication->run()
REQUEST_URI=/server/upload?qqfile=018.jpg
in C:\wamp\www\penta-house\protected\controllers\ServerController.php (10)
in C:\wamp\www\penta-house\protected\controllers\ServerController.php (10)
in C:\wamp\www\penta-house\index.php (12)
2014/03/29 07:18:53 [error] [exception.CException] exception 'CException' with message 'Неправильный алиас "protected.components.Fileuploader". Убедитесь, что он указывает на существующую директорию или файл.' in C:\wamp\www\yii\framework\YiiBase.php:348
Stack trace:
#0 C:\wamp\www\penta-house\protected\controllers\ServerController.php(10): YiiBase::import('protected.compo...')
#1 C:\wamp\www\yii\framework\web\actions\CInlineAction.php(49): ServerController->actionUpload()
#2 C:\wamp\www\yii\framework\web\CController.php(308): CInlineAction->runWithParams(Array)
#3 C:\wamp\www\yii\framework\web\CController.php(286): CController->runAction(Object(CInlineAction))
#4 C:\wamp\www\yii\framework\web\CController.php(265): CController->runActionWithFilters(Object(CInlineAction), Array)
#5 C:\wamp\www\yii\framework\web\CWebApplication.php(282): CController->run('upload')
#6 C:\wamp\www\yii\framework\web\CWebApplication.php(141): CWebApplication->runController('server/upload')
#7 C:\wamp\www\yii\framework\base\CApplication.php(184): CWebApplication->processRequest()
#8 C:\wamp\www\penta-house\index.php(12): CApplication->run()
#9 {main}
REQUEST_URI=/server/upload?qqfile=010.jpg
HTTP_REFERER=http://penta-house/admin/main/index
---
2014/03/29 07:19:09 [error] [exception.CException] exception 'CException' with message 'Неправильный алиас "components.Fileuploader". Убедитесь, что он указывает на существующую директорию или файл.' in C:\wamp\www\yii\framework\YiiBase.php:348
Stack trace:
#0 C:\wamp\www\penta-house\protected\controllers\ServerController.php(10): YiiBase::import('components.File...')
#1 C:\wamp\www\yii\framework\web\actions\CInlineAction.php(49): ServerController->actionUpload()
#2 C:\wamp\www\yii\framework\web\CController.php(308): CInlineAction->runWithParams(Array)
#3 C:\wamp\www\yii\framework\web\CController.php(286): CController->runAction(Object(CInlineAction))
#4 C:\wamp\www\yii\framework\web\CController.php(265): CController->runActionWithFilters(Object(CInlineAction), Array)
#5 C:\wamp\www\yii\framework\web\CWebApplication.php(282): CController->run('upload')
#6 C:\wamp\www\yii\framework\web\CWebApplication.php(141): CWebApplication->runController('server/upload')
#7 C:\wamp\www\yii\framework\base\CApplication.php(184): CWebApplication->processRequest()
#8 C:\wamp\www\penta-house\index.php(12): CApplication->run()
#9 {main}
REQUEST_URI=/server/upload?qqfile=010.jpg
HTTP_REFERER=http://penta-house/admin/main/index
---
2014/03/29 07:19:19 [error] [php] include(qqFileUploader.php): failed to open stream: No such file or directory (C:\wamp\www\yii\framework\YiiBase.php:432)
Stack trace:
#0 C:\wamp\www\penta-house\protected\controllers\ServerController.php(11): spl_autoload_call()
#1 C:\wamp\www\yii\framework\web\actions\CInlineAction.php(49): ServerController->actionUpload()
#2 C:\wamp\www\yii\framework\web\CController.php(308): CInlineAction->runWithParams()
#3 C:\wamp\www\yii\framework\web\CController.php(286): ServerController->runAction()
#4 C:\wamp\www\yii\framework\web\CController.php(265): ServerController->runActionWithFilters()
#5 C:\wamp\www\yii\framework\web\CWebApplication.php(282): ServerController->run()
#6 C:\wamp\www\yii\framework\web\CWebApplication.php(141): CWebApplication->runController()
#7 C:\wamp\www\yii\framework\base\CApplication.php(184): CWebApplication->processRequest()
#8 C:\wamp\www\penta-house\index.php(12): CWebApplication->run()
REQUEST_URI=/server/upload?qqfile=009.jpg
in C:\wamp\www\penta-house\protected\controllers\ServerController.php (11)
in C:\wamp\www\penta-house\index.php (12)
2014/03/29 08:00:15 [error] [php] Undefined index: filename (C:\wamp\www\penta-house\protected\controllers\ServerController.php:16)
Stack trace:
#0 C:\wamp\www\yii\framework\web\CController.php(286): ServerController->runAction()
#1 C:\wamp\www\yii\framework\web\CController.php(265): ServerController->runActionWithFilters()
#2 C:\wamp\www\yii\framework\web\CWebApplication.php(282): ServerController->run()
#3 C:\wamp\www\yii\framework\web\CWebApplication.php(141): CWebApplication->runController()
#4 C:\wamp\www\yii\framework\base\CApplication.php(184): CWebApplication->processRequest()
#5 C:\wamp\www\penta-house\index.php(12): CWebApplication->run()
REQUEST_URI=/server/upload?qqfile=010.jpg
in C:\wamp\www\penta-house\protected\controllers\ServerController.php (16)
in C:\wamp\www\penta-house\index.php (12)
2014/03/29 08:04:28 [error] [php] Use of undefined constant c - assumed 'c' (C:\wamp\www\penta-house\protected\components\qqFileUploader.php:191)
Stack trace:
#0 C:\wamp\www\yii\framework\web\CController.php(308): CInlineAction->runWithParams()
#1 C:\wamp\www\yii\framework\web\CController.php(286): ServerController->runAction()
#2 C:\wamp\www\yii\framework\web\CController.php(265): ServerController->runActionWithFilters()
#3 C:\wamp\www\yii\framework\web\CWebApplication.php(282): ServerController->run()
#4 C:\wamp\www\yii\framework\web\CWebApplication.php(141): CWebApplication->runController()
#5 C:\wamp\www\yii\framework\base\CApplication.php(184): CWebApplication->processRequest()
#6 C:\wamp\www\penta-house\index.php(12): CWebApplication->run()
REQUEST_URI=/server/upload?qqfile=018.jpg
in C:\wamp\www\penta-house\protected\components\qqFileUploader.php (191)
in C:\wamp\www\penta-house\protected\controllers\ServerController.php (14)
in C:\wamp\www\penta-house\index.php (12)
2014/03/29 08:04:53 [error] [php] Use of undefined constant c - assumed 'c' (C:\wamp\www\penta-house\protected\components\qqFileUploader.php:191)
Stack trace:
#0 C:\wamp\www\yii\framework\web\CController.php(308): CInlineAction->runWithParams()
#1 C:\wamp\www\yii\framework\web\CController.php(286): ServerController->runAction()
#2 C:\wamp\www\yii\framework\web\CController.php(265): ServerController->runActionWithFilters()
#3 C:\wamp\www\yii\framework\web\CWebApplication.php(282): ServerController->run()
#4 C:\wamp\www\yii\framework\web\CWebApplication.php(141): CWebApplication->runController()
#5 C:\wamp\www\yii\framework\base\CApplication.php(184): CWebApplication->processRequest()
#6 C:\wamp\www\penta-house\index.php(12): CWebApplication->run()
REQUEST_URI=/server/upload?qqfile=009.jpg
in C:\wamp\www\penta-house\protected\components\qqFileUploader.php (191)
in C:\wamp\www\penta-house\protected\controllers\ServerController.php (14)
in C:\wamp\www\penta-house\index.php (12)
2014/04/01 17:36:19 [error] [system.db.CDbCommand] CDbCommand::execute() failed: SQLSTATE[HY000]: General error: 1215 Cannot add foreign key constraint. The SQL statement executed was: ALTER TABLE `ph_tag` ADD CONSTRAINT `tag_collection_tag` FOREIGN KEY (`id`) REFERENCES `ph_collection_tag` (`collection_id`).
2014/04/01 17:37:08 [error] [system.db.CDbCommand] CDbCommand::execute() failed: SQLSTATE[42S01]: Base table or view already exists: 1050 Table 'ph_collection' already exists. The SQL statement executed was: CREATE TABLE `ph_collection` (
	`id` int(11) NOT NULL AUTO_INCREMENT PRIMARY KEY,
	`name` VARCHAR(255) NOT NULL
).
2014/04/01 17:37:55 [error] [system.db.CDbCommand] CDbCommand::execute() failed: SQLSTATE[23000]: Integrity constraint violation: 1217 Cannot delete or update a parent row: a foreign key constraint fails. The SQL statement executed was: DROP TABLE `ph_tag`.
2014/04/01 17:38:30 [error] [system.db.CDbCommand] CDbCommand::execute() failed: SQLSTATE[42000]: Syntax error or access violation: 1091 Can't DROP 'tag_collection_tag'; check that column/key exists. The SQL statement executed was: ALTER TABLE `ph_tag` DROP FOREIGN KEY `tag_collection_tag`.
2014/04/01 17:38:52 [error] [system.db.CDbCommand] CDbCommand::execute() failed: SQLSTATE[42S02]: Base table or view not found: 1051 Unknown table 'penta-house.ph_collection'. The SQL statement executed was: DROP TABLE `ph_collection`.
2014/04/01 17:39:48 [error] [system.db.CDbCommand] CDbCommand::execute() failed: SQLSTATE[42S01]: Base table or view already exists: 1050 Table 'ph_collection_upload' already exists. The SQL statement executed was: CREATE TABLE `ph_collection_upload` (
	`id` int(11) NOT NULL AUTO_INCREMENT PRIMARY KEY,
	`collection_id` INT NOT NULL,
	`upload_id` INT NOT NULL
).
2014/04/01 17:40:04 [error] [system.db.CDbCommand] CDbCommand::execute() failed: SQLSTATE[42S01]: Base table or view already exists: 1050 Table 'ph_tag' already exists. The SQL statement executed was: CREATE TABLE `ph_tag` (
	`id` int(11) NOT NULL AUTO_INCREMENT PRIMARY KEY,
	`name` VARCHAR(255) NOT NULL
).
2014/04/02 17:50:24 [error] [exception.CDbException] exception 'CDbException' with message 'CDbConnection failed to open the DB connection: SQLSTATE[HY000] [2002]   , ..      .
' in C:\wamp\www\yii\framework\db\CDbConnection.php:382
Stack trace:
#0 C:\wamp\www\yii\framework\db\CDbConnection.php(330): CDbConnection->open()
#1 C:\wamp\www\yii\framework\db\CDbConnection.php(308): CDbConnection->setActive(true)
#2 C:\wamp\www\yii\framework\base\CModule.php(387): CDbConnection->init()
#3 C:\wamp\www\yii\framework\cli\commands\MigrateCommand.php(442): CModule->getComponent('db')
#4 C:\wamp\www\yii\framework\cli\commands\MigrateCommand.php(451): MigrateCommand->getDbConnection()
#5 C:\wamp\www\yii\framework\cli\commands\MigrateCommand.php(128): MigrateCommand->getMigrationHistory(1)
#6 [internal function]: MigrateCommand->actionDown(Array)
#7 C:\wamp\www\yii\framework\console\CConsoleCommand.php(172): ReflectionMethod->invokeArgs(Object(MigrateCommand), Array)
#8 C:\wamp\www\yii\framework\console\CConsoleCommandRunner.php(71): CConsoleCommand->run(Array)
#9 C:\wamp\www\yii\framework\console\CConsoleApplication.php(92): CConsoleCommandRunner->run(Array)
#10 C:\wamp\www\yii\framework\base\CApplication.php(184): CConsoleApplication->processRequest()
#11 C:\wamp\www\yii\framework\yiic.php(33): CApplication->run()
#12 C:\wamp\www\penta-house\protected\yiic.php(7): require_once('C:\wamp\www\yii...')
#13 C:\wamp\www\penta-house\protected\yiic(4): require_once('C:\wamp\www\pen...')
#14 {main}
---
2014/04/02 17:50:47 [error] [exception.CDbException] exception 'CDbException' with message 'CDbConnection failed to open the DB connection: SQLSTATE[HY000] [2002]   , ..      .
' in C:\wamp\www\yii\framework\db\CDbConnection.php:382
Stack trace:
#0 C:\wamp\www\yii\framework\db\CDbConnection.php(330): CDbConnection->open()
#1 C:\wamp\www\yii\framework\db\CDbConnection.php(308): CDbConnection->setActive(true)
#2 C:\wamp\www\yii\framework\base\CModule.php(387): CDbConnection->init()
#3 C:\wamp\www\yii\framework\cli\commands\MigrateCommand.php(442): CModule->getComponent('db')
#4 C:\wamp\www\yii\framework\cli\commands\MigrateCommand.php(451): MigrateCommand->getDbConnection()
#5 C:\wamp\www\yii\framework\cli\commands\MigrateCommand.php(482): MigrateCommand->getMigrationHistory(-1)
#6 C:\wamp\www\yii\framework\cli\commands\MigrateCommand.php(84): MigrateCommand->getNewMigrations()
#7 [internal function]: MigrateCommand->actionUp(Array)
#8 C:\wamp\www\yii\framework\console\CConsoleCommand.php(172): ReflectionMethod->invokeArgs(Object(MigrateCommand), Array)
#9 C:\wamp\www\yii\framework\console\CConsoleCommandRunner.php(71): CConsoleCommand->run(Array)
#10 C:\wamp\www\yii\framework\console\CConsoleApplication.php(92): CConsoleCommandRunner->run(Array)
#11 C:\wamp\www\yii\framework\base\CApplication.php(184): CConsoleApplication->processRequest()
#12 C:\wamp\www\yii\framework\yiic.php(33): CApplication->run()
#13 C:\wamp\www\penta-house\protected\yiic.php(7): require_once('C:\wamp\www\yii...')
#14 C:\wamp\www\penta-house\protected\yiic(4): require_once('C:\wamp\www\pen...')
#15 {main}
---
2014/04/02 18:02:07 [error] [exception.CDbException] exception 'CDbException' with message 'CDbConnection failed to open the DB connection: SQLSTATE[HY000] [2002]   , ..      .
' in C:\wamp\www\yii\framework\db\CDbConnection.php:382
Stack trace:
#0 C:\wamp\www\yii\framework\db\CDbConnection.php(330): CDbConnection->open()
#1 C:\wamp\www\yii\framework\db\CDbConnection.php(308): CDbConnection->setActive(true)
#2 C:\wamp\www\yii\framework\base\CModule.php(387): CDbConnection->init()
#3 C:\wamp\www\yii\framework\cli\commands\MigrateCommand.php(442): CModule->getComponent('db')
#4 C:\wamp\www\yii\framework\cli\commands\MigrateCommand.php(451): MigrateCommand->getDbConnection()
#5 C:\wamp\www\yii\framework\cli\commands\MigrateCommand.php(482): MigrateCommand->getMigrationHistory(-1)
#6 C:\wamp\www\yii\framework\cli\commands\MigrateCommand.php(84): MigrateCommand->getNewMigrations()
#7 [internal function]: MigrateCommand->actionUp(Array)
#8 C:\wamp\www\yii\framework\console\CConsoleCommand.php(172): ReflectionMethod->invokeArgs(Object(MigrateCommand), Array)
#9 C:\wamp\www\yii\framework\console\CConsoleCommandRunner.php(71): CConsoleCommand->run(Array)
#10 C:\wamp\www\yii\framework\console\CConsoleApplication.php(92): CConsoleCommandRunner->run(Array)
#11 C:\wamp\www\yii\framework\base\CApplication.php(184): CConsoleApplication->processRequest()
#12 C:\wamp\www\yii\framework\yiic.php(33): CApplication->run()
#13 C:\wamp\www\penta-house\protected\yiic.php(7): require_once('C:\wamp\www\yii...')
#14 C:\wamp\www\penta-house\protected\yiic(4): require_once('C:\wamp\www\pen...')
#15 {main}
---
